#
# There is insufficient memory for the Java Runtime Environment to continue.
# Native memory allocation (malloc) failed to allocate 1231488 bytes. Error detail: Chunk::new
# Possible reasons:
#   The system is out of physical RAM or swap space
#   This process is running with CompressedOops enabled, and the Java Heap may be blocking the growth of the native heap
# Possible solutions:
#   Reduce memory load on the system
#   Increase physical memory or swap space
#   Check if swap backing store is full
#   Decrease Java heap size (-Xmx/-Xms)
#   Decrease number of Java threads
#   Decrease Java thread stack sizes (-Xss)
#   Set larger code cache with -XX:ReservedCodeCacheSize=
#   JVM is running with Unscaled Compressed Oops mode in which the Java heap is
#     placed in the first 4GB address space. The Java Heap base address is the
#     maximum limit for the native heap growth. Please use -XX:HeapBaseMinAddress
#     to set the Java Heap base and to place the Java Heap above 4GB virtual address.
# This output file may be truncated or incomplete.
#
#  Out of Memory Error (arena.cpp:191), pid=2524, tid=9172
#
# JRE version: OpenJDK Runtime Environment JBR-17.0.14+1-1367.22-nomod (17.0.14+1) (build 17.0.14+1-b1367.22)
# Java VM: OpenJDK 64-Bit Server VM JBR-17.0.14+1-1367.22-nomod (17.0.14+1-b1367.22, mixed mode, sharing, tiered, compressed oops, compressed class ptrs, g1 gc, windows-amd64)
# No core dump will be written. Minidumps are not enabled by default on client versions of Windows
#

---------------  S U M M A R Y ------------

Command Line: org.jetbrains.kotlin.cli.jvm.K2JVMCompiler @C:\Users\mezan\AndroidStudioProjects\AgroSmart\app\build\20251222_7855093684818059594.compiler.options

Host: Intel(R) Core(TM) i5-3320M CPU @ 2.60GHz, 4 cores, 7G,  Windows 10 , 64 bit Build 19041 (10.0.19041.5915)
Time: Mon Dec 22 10:38:56 2025 Pakistan Standard Time elapsed time: 50.058771 seconds (0d 0h 0m 50s)

---------------  T H R E A D  ---------------

Current thread (0x000002722ece2fe0):  JavaThread "C2 CompilerThread1" daemon [_thread_in_native, id=9172, stack(0x000000abdd900000,0x000000abdda00000)]


Current CompileTask:
C2:  50058 15340       4       org.jetbrains.kotlin.backend.jvm.mapping.IrTypeMapper::computeClassInternalName (303 bytes)

Stack: [0x000000abdd900000,0x000000abdda00000]
Native frames: (J=compiled Java code, j=interpreted, Vv=VM code, C=native code)
V  [jvm.dll+0x68b969]


---------------  P R O C E S S  ---------------

Threads class SMR info:
_java_thread_list=0x0000027277453670, length=13, elements={
0x0000027212fedff0, 0x000002722e77f410, 0x000002722e780290, 0x000002722e792a10,
0x000002722e79a500, 0x000002722e79aec0, 0x000002722e79b880, 0x000002722e79d980,
0x000002722e806bb0, 0x000002722ea50060, 0x000002722eb0ac30, 0x000002722eb0f1a0,
0x000002722ece2fe0
}

Java Threads: ( => current thread )
  0x0000027212fedff0 JavaThread "main" [_thread_in_Java, id=2032, stack(0x000000abdc300000,0x000000abdc400000)]
  0x000002722e77f410 JavaThread "Reference Handler" daemon [_thread_blocked, id=5072, stack(0x000000abdca00000,0x000000abdcb00000)]
  0x000002722e780290 JavaThread "Finalizer" daemon [_thread_blocked, id=11616, stack(0x000000abdcb00000,0x000000abdcc00000)]
  0x000002722e792a10 JavaThread "Signal Dispatcher" daemon [_thread_blocked, id=8136, stack(0x000000abdcc00000,0x000000abdcd00000)]
  0x000002722e79a500 JavaThread "Attach Listener" daemon [_thread_blocked, id=11728, stack(0x000000abdcd00000,0x000000abdce00000)]
  0x000002722e79aec0 JavaThread "Service Thread" daemon [_thread_blocked, id=5772, stack(0x000000abdce00000,0x000000abdcf00000)]
  0x000002722e79b880 JavaThread "Monitor Deflation Thread" daemon [_thread_blocked, id=5804, stack(0x000000abdcf00000,0x000000abdd000000)]
  0x000002722e79d980 JavaThread "C2 CompilerThread0" daemon [_thread_in_native, id=1576, stack(0x000000abdd000000,0x000000abdd100000)]
  0x000002722e806bb0 JavaThread "C1 CompilerThread0" daemon [_thread_blocked, id=13844, stack(0x000000abdd100000,0x000000abdd200000)]
  0x000002722ea50060 JavaThread "Sweeper thread" daemon [_thread_blocked, id=13632, stack(0x000000abdd200000,0x000000abdd300000)]
  0x000002722eb0ac30 JavaThread "Notification Thread" daemon [_thread_blocked, id=6400, stack(0x000000abdd300000,0x000000abdd400000)]
  0x000002722eb0f1a0 JavaThread "Common-Cleaner" daemon [_thread_blocked, id=11756, stack(0x000000abdd500000,0x000000abdd600000)]
=>0x000002722ece2fe0 JavaThread "C2 CompilerThread1" daemon [_thread_in_native, id=9172, stack(0x000000abdd900000,0x000000abdda00000)]

Other Threads:
  0x000002722e77a800 VMThread "VM Thread" [stack: 0x000000abdc900000,0x000000abdca00000] [id=12576]
  0x000002722eb0dd40 WatcherThread [stack: 0x000000abdd400000,0x000000abdd500000] [id=1948]
  0x00000272150265f0 GCTaskThread "GC Thread#0" [stack: 0x000000abdc400000,0x000000abdc500000] [id=13428]
  0x000002727402f8b0 GCTaskThread "GC Thread#1" [stack: 0x000000abdd600000,0x000000abdd700000] [id=12116]
  0x000002722ee2b540 GCTaskThread "GC Thread#2" [stack: 0x000000abdd700000,0x000000abdd800000] [id=12840]
  0x000002722ee20090 GCTaskThread "GC Thread#3" [stack: 0x000000abdd800000,0x000000abdd900000] [id=4956]
  0x00000272150371c0 ConcurrentGCThread "G1 Main Marker" [stack: 0x000000abdc500000,0x000000abdc600000] [id=5056]
  0x0000027215037be0 ConcurrentGCThread "G1 Conc#0" [stack: 0x000000abdc600000,0x000000abdc700000] [id=8584]
  0x000002721508e5e0 ConcurrentGCThread "G1 Refine#0" [stack: 0x000000abdc700000,0x000000abdc800000] [id=13140]
  0x00000272763b0500 ConcurrentGCThread "G1 Refine#1" [stack: 0x000000abdda00000,0x000000abddb00000] [id=12204]
  0x000002722e633220 ConcurrentGCThread "G1 Service" [stack: 0x000000abdc800000,0x000000abdc900000] [id=6876]

Threads with active compile tasks:
C2 CompilerThread0    50317 15344       4       org.jetbrains.kotlin.types.AbstractTypeMapper::mapType (568 bytes)
C2 CompilerThread1    50317 15340       4       org.jetbrains.kotlin.backend.jvm.mapping.IrTypeMapper::computeClassInternalName (303 bytes)

VM state: not at safepoint (normal execution)

VM Mutex/Monitor currently owned by a thread: None

Heap address: 0x0000000081c00000, size: 2020 MB, Compressed Oops mode: 32-bit

CDS archive(s) mapped at: [0x000002722f000000-0x000002722fc00000-0x000002722fc00000), size 12582912, SharedBaseAddress: 0x000002722f000000, ArchiveRelocationMode: 1.
Compressed class space mapped at: 0x0000027230000000-0x0000027270000000, reserved size: 1073741824
Narrow klass base: 0x000002722f000000, Narrow klass shift: 0, Narrow klass range: 0x100000000

GC Precious Log:
 CPUs: 4 total, 4 available
 Memory: 8072M
 Large Page Support: Disabled
 NUMA Support: Disabled
 Compressed Oops: Enabled (32-bit)
 Heap Region Size: 1M
 Heap Min Capacity: 8M
 Heap Initial Capacity: 128M
 Heap Max Capacity: 2020M
 Pre-touch: Disabled
 Parallel Workers: 4
 Concurrent Workers: 1
 Concurrent Refinement Workers: 4
 Periodic GC: Disabled

Heap:
 garbage-first heap   total 293888K, used 118220K [0x0000000081c00000, 0x0000000100000000)
  region size 1024K, 31 young (31744K), 2 survivors (2048K)
 Metaspace       used 77617K, committed 77888K, reserved 1179648K
  class space    used 8684K, committed 8832K, reserved 1048576K

Heap Regions: E=young(eden), S=young(survivor), O=old, HS=humongous(starts), HC=humongous(continues), CS=collection set, F=free, OA=open archive, CA=closed archive, TAMS=top-at-mark-start (previous, next)
|   0|0x0000000081c00000, 0x0000000081d00000, 0x0000000081d00000|100%|HS|  |TAMS 0x0000000081d00000, 0x0000000081c00000| Complete 
|   1|0x0000000081d00000, 0x0000000081e00000, 0x0000000081e00000|100%|HC|  |TAMS 0x0000000081e00000, 0x0000000081d00000| Complete 
|   2|0x0000000081e00000, 0x0000000081f00000, 0x0000000081f00000|100%|HC|  |TAMS 0x0000000081f00000, 0x0000000081e00000| Complete 
|   3|0x0000000081f00000, 0x0000000082000000, 0x0000000082000000|100%|HC|  |TAMS 0x0000000082000000, 0x0000000081f00000| Complete 
|   4|0x0000000082000000, 0x0000000082100000, 0x0000000082100000|100%| O|  |TAMS 0x0000000082100000, 0x0000000082000000| Untracked 
|   5|0x0000000082100000, 0x0000000082200000, 0x0000000082200000|100%| O|  |TAMS 0x0000000082200000, 0x0000000082100000| Untracked 
|   6|0x0000000082200000, 0x0000000082300000, 0x0000000082300000|100%| O|  |TAMS 0x0000000082300000, 0x0000000082200000| Untracked 
|   7|0x0000000082300000, 0x0000000082400000, 0x0000000082400000|100%| O|  |TAMS 0x0000000082400000, 0x0000000082300000| Untracked 
|   8|0x0000000082400000, 0x0000000082500000, 0x0000000082500000|100%| O|  |TAMS 0x0000000082500000, 0x0000000082400000| Untracked 
|   9|0x0000000082500000, 0x0000000082600000, 0x0000000082600000|100%| O|  |TAMS 0x0000000082600000, 0x0000000082500000| Untracked 
|  10|0x0000000082600000, 0x0000000082700000, 0x0000000082700000|100%| O|  |TAMS 0x0000000082700000, 0x0000000082600000| Untracked 
|  11|0x0000000082700000, 0x0000000082800000, 0x0000000082800000|100%| O|  |TAMS 0x0000000082800000, 0x0000000082700000| Untracked 
|  12|0x0000000082800000, 0x0000000082900000, 0x0000000082900000|100%| O|  |TAMS 0x0000000082900000, 0x0000000082800000| Untracked 
|  13|0x0000000082900000, 0x0000000082a00000, 0x0000000082a00000|100%| O|  |TAMS 0x0000000082a00000, 0x0000000082900000| Untracked 
|  14|0x0000000082a00000, 0x0000000082b00000, 0x0000000082b00000|100%| O|  |TAMS 0x0000000082b00000, 0x0000000082a00000| Untracked 
|  15|0x0000000082b00000, 0x0000000082c00000, 0x0000000082c00000|100%| O|  |TAMS 0x0000000082c00000, 0x0000000082b00000| Untracked 
|  16|0x0000000082c00000, 0x0000000082d00000, 0x0000000082d00000|100%| O|  |TAMS 0x0000000082d00000, 0x0000000082c00000| Untracked 
|  17|0x0000000082d00000, 0x0000000082e00000, 0x0000000082e00000|100%| O|  |TAMS 0x0000000082e00000, 0x0000000082d00000| Untracked 
|  18|0x0000000082e00000, 0x0000000082f00000, 0x0000000082f00000|100%| O|  |TAMS 0x0000000082f00000, 0x0000000082e00000| Untracked 
|  19|0x0000000082f00000, 0x0000000083000000, 0x0000000083000000|100%| O|  |TAMS 0x0000000083000000, 0x0000000082f00000| Untracked 
|  20|0x0000000083000000, 0x0000000083100000, 0x0000000083100000|100%| O|  |TAMS 0x0000000083100000, 0x0000000083000000| Untracked 
|  21|0x0000000083100000, 0x0000000083200000, 0x0000000083200000|100%| O|  |TAMS 0x0000000083100000, 0x0000000083100000| Untracked 
|  22|0x0000000083200000, 0x0000000083300000, 0x0000000083300000|100%| O|  |TAMS 0x0000000083300000, 0x0000000083200000| Untracked 
|  23|0x0000000083300000, 0x0000000083400000, 0x0000000083400000|100%| O|  |TAMS 0x0000000083400000, 0x0000000083300000| Untracked 
|  24|0x0000000083400000, 0x0000000083500000, 0x0000000083500000|100%|HS|  |TAMS 0x0000000083500000, 0x0000000083400000| Complete 
|  25|0x0000000083500000, 0x0000000083600000, 0x0000000083600000|100%|HC|  |TAMS 0x0000000083600000, 0x0000000083500000| Complete 
|  26|0x0000000083600000, 0x0000000083700000, 0x0000000083700000|100%| O|  |TAMS 0x0000000083700000, 0x0000000083600000| Untracked 
|  27|0x0000000083700000, 0x0000000083800000, 0x0000000083800000|100%| O|  |TAMS 0x0000000083800000, 0x0000000083700000| Untracked 
|  28|0x0000000083800000, 0x0000000083900000, 0x0000000083900000|100%| O|  |TAMS 0x0000000083900000, 0x0000000083800000| Untracked 
|  29|0x0000000083900000, 0x0000000083a00000, 0x0000000083a00000|100%| O|  |TAMS 0x0000000083a00000, 0x0000000083900000| Untracked 
|  30|0x0000000083a00000, 0x0000000083b00000, 0x0000000083b00000|100%| O|  |TAMS 0x0000000083b00000, 0x0000000083a00000| Untracked 
|  31|0x0000000083b00000, 0x0000000083c00000, 0x0000000083c00000|100%| O|  |TAMS 0x0000000083c00000, 0x0000000083b00000| Untracked 
|  32|0x0000000083c00000, 0x0000000083d00000, 0x0000000083d00000|100%| O|  |TAMS 0x0000000083d00000, 0x0000000083c00000| Untracked 
|  33|0x0000000083d00000, 0x0000000083e00000, 0x0000000083e00000|100%| O|  |TAMS 0x0000000083e00000, 0x0000000083d00000| Untracked 
|  34|0x0000000083e00000, 0x0000000083f00000, 0x0000000083f00000|100%| O|  |TAMS 0x0000000083f00000, 0x0000000083e00000| Untracked 
|  35|0x0000000083f00000, 0x0000000084000000, 0x0000000084000000|100%| O|  |TAMS 0x0000000084000000, 0x0000000083f00000| Untracked 
|  36|0x0000000084000000, 0x0000000084100000, 0x0000000084100000|100%| O|  |TAMS 0x0000000084100000, 0x0000000084000000| Untracked 
|  37|0x0000000084100000, 0x0000000084200000, 0x0000000084200000|100%| O|  |TAMS 0x0000000084100000, 0x0000000084100000| Untracked 
|  38|0x0000000084200000, 0x0000000084300000, 0x0000000084300000|100%| O|  |TAMS 0x0000000084300000, 0x0000000084200000| Untracked 
|  39|0x0000000084300000, 0x0000000084400000, 0x0000000084400000|100%| O|  |TAMS 0x0000000084400000, 0x0000000084300000| Untracked 
|  40|0x0000000084400000, 0x0000000084500000, 0x0000000084500000|100%| O|  |TAMS 0x0000000084500000, 0x0000000084400000| Untracked 
|  41|0x0000000084500000, 0x0000000084600000, 0x0000000084600000|100%| O|  |TAMS 0x0000000084600000, 0x0000000084500000| Untracked 
|  42|0x0000000084600000, 0x0000000084700000, 0x0000000084700000|100%| O|  |TAMS 0x0000000084700000, 0x0000000084600000| Untracked 
|  43|0x0000000084700000, 0x0000000084800000, 0x0000000084800000|100%| O|  |TAMS 0x0000000084700000, 0x0000000084700000| Untracked 
|  44|0x0000000084800000, 0x0000000084900000, 0x0000000084900000|100%| O|  |TAMS 0x0000000084800000, 0x0000000084800000| Untracked 
|  45|0x0000000084900000, 0x0000000084a00000, 0x0000000084a00000|100%| O|  |TAMS 0x0000000084900000, 0x0000000084900000| Untracked 
|  46|0x0000000084a00000, 0x0000000084b00000, 0x0000000084b00000|100%| O|  |TAMS 0x0000000084a00000, 0x0000000084a00000| Untracked 
|  47|0x0000000084b00000, 0x0000000084c00000, 0x0000000084c00000|100%| O|  |TAMS 0x0000000084b00000, 0x0000000084b00000| Untracked 
|  48|0x0000000084c00000, 0x0000000084d00000, 0x0000000084d00000|100%| O|  |TAMS 0x0000000084c00000, 0x0000000084c00000| Untracked 
|  49|0x0000000084d00000, 0x0000000084e00000, 0x0000000084e00000|100%| O|  |TAMS 0x0000000084d00000, 0x0000000084d00000| Untracked 
|  50|0x0000000084e00000, 0x0000000084f00000, 0x0000000084f00000|100%| O|  |TAMS 0x0000000084e00000, 0x0000000084e00000| Untracked 
|  51|0x0000000084f00000, 0x0000000085000000, 0x0000000085000000|100%| O|  |TAMS 0x0000000084f00000, 0x0000000084f00000| Untracked 
|  52|0x0000000085000000, 0x0000000085100000, 0x0000000085100000|100%| O|  |TAMS 0x0000000085000000, 0x0000000085000000| Untracked 
|  53|0x0000000085100000, 0x0000000085200000, 0x0000000085200000|100%|HS|  |TAMS 0x0000000085100000, 0x0000000085100000| Complete 
|  54|0x0000000085200000, 0x0000000085300000, 0x0000000085300000|100%|HC|  |TAMS 0x0000000085200000, 0x0000000085200000| Complete 
|  55|0x0000000085300000, 0x0000000085400000, 0x0000000085400000|100%| O|  |TAMS 0x0000000085300000, 0x0000000085300000| Untracked 
|  56|0x0000000085400000, 0x0000000085500000, 0x0000000085500000|100%| O|  |TAMS 0x0000000085400000, 0x0000000085400000| Untracked 
|  57|0x0000000085500000, 0x0000000085600000, 0x0000000085600000|100%| O|  |TAMS 0x0000000085500000, 0x0000000085500000| Untracked 
|  58|0x0000000085600000, 0x0000000085700000, 0x0000000085700000|100%| O|  |TAMS 0x0000000085600000, 0x0000000085600000| Untracked 
|  59|0x0000000085700000, 0x0000000085800000, 0x0000000085800000|100%| O|  |TAMS 0x0000000085700000, 0x0000000085700000| Untracked 
|  60|0x0000000085800000, 0x0000000085900000, 0x0000000085900000|100%| O|  |TAMS 0x0000000085800000, 0x0000000085800000| Untracked 
|  61|0x0000000085900000, 0x0000000085a00000, 0x0000000085a00000|100%| O|  |TAMS 0x0000000085900000, 0x0000000085900000| Untracked 
|  62|0x0000000085a00000, 0x0000000085b00000, 0x0000000085b00000|100%| O|  |TAMS 0x0000000085a00000, 0x0000000085a00000| Untracked 
|  63|0x0000000085b00000, 0x0000000085c00000, 0x0000000085c00000|100%| O|  |TAMS 0x0000000085b00000, 0x0000000085b00000| Untracked 
|  64|0x0000000085c00000, 0x0000000085d00000, 0x0000000085d00000|100%| O|  |TAMS 0x0000000085c00000, 0x0000000085c00000| Untracked 
|  65|0x0000000085d00000, 0x0000000085e00000, 0x0000000085e00000|100%| O|  |TAMS 0x0000000085d00000, 0x0000000085d00000| Untracked 
|  66|0x0000000085e00000, 0x0000000085f00000, 0x0000000085f00000|100%| O|  |TAMS 0x0000000085e00000, 0x0000000085e00000| Untracked 
|  67|0x0000000085f00000, 0x0000000086000000, 0x0000000086000000|100%| O|  |TAMS 0x0000000085f00000, 0x0000000085f00000| Untracked 
|  68|0x0000000086000000, 0x0000000086100000, 0x0000000086100000|100%| O|  |TAMS 0x0000000086000000, 0x0000000086000000| Untracked 
|  69|0x0000000086100000, 0x0000000086200000, 0x0000000086200000|100%| O|  |TAMS 0x0000000086100000, 0x0000000086100000| Untracked 
|  70|0x0000000086200000, 0x0000000086300000, 0x0000000086300000|100%| O|  |TAMS 0x0000000086200000, 0x0000000086200000| Untracked 
|  71|0x0000000086300000, 0x0000000086400000, 0x0000000086400000|100%| O|  |TAMS 0x0000000086300000, 0x0000000086300000| Untracked 
|  72|0x0000000086400000, 0x0000000086500000, 0x0000000086500000|100%| O|  |TAMS 0x0000000086400000, 0x0000000086400000| Untracked 
|  73|0x0000000086500000, 0x0000000086600000, 0x0000000086600000|100%| O|  |TAMS 0x0000000086500000, 0x0000000086500000| Untracked 
|  74|0x0000000086600000, 0x0000000086700000, 0x0000000086700000|100%| O|  |TAMS 0x0000000086600000, 0x0000000086600000| Untracked 
|  75|0x0000000086700000, 0x0000000086800000, 0x0000000086800000|100%| O|  |TAMS 0x0000000086700000, 0x0000000086700000| Untracked 
|  76|0x0000000086800000, 0x0000000086900000, 0x0000000086900000|100%| O|  |TAMS 0x0000000086800000, 0x0000000086800000| Untracked 
|  77|0x0000000086900000, 0x0000000086a00000, 0x0000000086a00000|100%| O|  |TAMS 0x0000000086900000, 0x0000000086900000| Untracked 
|  78|0x0000000086a00000, 0x0000000086b00000, 0x0000000086b00000|100%| O|  |TAMS 0x0000000086a00000, 0x0000000086a00000| Untracked 
|  79|0x0000000086b00000, 0x0000000086c00000, 0x0000000086c00000|100%| O|  |TAMS 0x0000000086b00000, 0x0000000086b00000| Untracked 
|  80|0x0000000086c00000, 0x0000000086d00000, 0x0000000086d00000|100%| O|  |TAMS 0x0000000086c00000, 0x0000000086c00000| Untracked 
|  81|0x0000000086d00000, 0x0000000086e00000, 0x0000000086e00000|100%| O|  |TAMS 0x0000000086d00000, 0x0000000086d00000| Untracked 
|  82|0x0000000086e00000, 0x0000000086f00000, 0x0000000086f00000|100%| O|  |TAMS 0x0000000086e00000, 0x0000000086e00000| Untracked 
|  83|0x0000000086f00000, 0x0000000087000000, 0x0000000087000000|100%| O|  |TAMS 0x0000000086f00000, 0x0000000086f00000| Untracked 
|  84|0x0000000087000000, 0x00000000870fae00, 0x0000000087100000| 97%| O|  |TAMS 0x0000000087000000, 0x0000000087000000| Untracked 
|  85|0x0000000087100000, 0x0000000087100000, 0x0000000087200000|  0%| F|  |TAMS 0x0000000087100000, 0x0000000087100000| Untracked 
|  86|0x0000000087200000, 0x0000000087200000, 0x0000000087300000|  0%| F|  |TAMS 0x0000000087200000, 0x0000000087200000| Untracked 
|  87|0x0000000087300000, 0x0000000087300000, 0x0000000087400000|  0%| F|  |TAMS 0x0000000087300000, 0x0000000087300000| Untracked 
|  88|0x0000000087400000, 0x0000000087400000, 0x0000000087500000|  0%| F|  |TAMS 0x0000000087400000, 0x0000000087400000| Untracked 
|  89|0x0000000087500000, 0x0000000087500000, 0x0000000087600000|  0%| F|  |TAMS 0x0000000087500000, 0x0000000087500000| Untracked 
|  90|0x0000000087600000, 0x0000000087600000, 0x0000000087700000|  0%| F|  |TAMS 0x0000000087600000, 0x0000000087600000| Untracked 
|  91|0x0000000087700000, 0x0000000087700000, 0x0000000087800000|  0%| F|  |TAMS 0x0000000087700000, 0x0000000087700000| Untracked 
|  92|0x0000000087800000, 0x0000000087800000, 0x0000000087900000|  0%| F|  |TAMS 0x0000000087800000, 0x0000000087800000| Untracked 
|  93|0x0000000087900000, 0x0000000087900000, 0x0000000087a00000|  0%| F|  |TAMS 0x0000000087900000, 0x0000000087900000| Untracked 
|  94|0x0000000087a00000, 0x0000000087a00000, 0x0000000087b00000|  0%| F|  |TAMS 0x0000000087a00000, 0x0000000087a00000| Untracked 
|  95|0x0000000087b00000, 0x0000000087b00000, 0x0000000087c00000|  0%| F|  |TAMS 0x0000000087b00000, 0x0000000087b00000| Untracked 
|  96|0x0000000087c00000, 0x0000000087c00000, 0x0000000087d00000|  0%| F|  |TAMS 0x0000000087c00000, 0x0000000087c00000| Untracked 
|  97|0x0000000087d00000, 0x0000000087d00000, 0x0000000087e00000|  0%| F|  |TAMS 0x0000000087d00000, 0x0000000087d00000| Untracked 
|  98|0x0000000087e00000, 0x0000000087e00000, 0x0000000087f00000|  0%| F|  |TAMS 0x0000000087e00000, 0x0000000087e00000| Untracked 
|  99|0x0000000087f00000, 0x0000000087f00000, 0x0000000088000000|  0%| F|  |TAMS 0x0000000087f00000, 0x0000000087f00000| Untracked 
| 100|0x0000000088000000, 0x0000000088000000, 0x0000000088100000|  0%| F|  |TAMS 0x0000000088000000, 0x0000000088000000| Untracked 
| 101|0x0000000088100000, 0x0000000088100000, 0x0000000088200000|  0%| F|  |TAMS 0x0000000088100000, 0x0000000088100000| Untracked 
| 102|0x0000000088200000, 0x0000000088200000, 0x0000000088300000|  0%| F|  |TAMS 0x0000000088200000, 0x0000000088200000| Untracked 
| 103|0x0000000088300000, 0x0000000088300000, 0x0000000088400000|  0%| F|  |TAMS 0x0000000088300000, 0x0000000088300000| Untracked 
| 104|0x0000000088400000, 0x0000000088400000, 0x0000000088500000|  0%| F|  |TAMS 0x0000000088400000, 0x0000000088400000| Untracked 
| 105|0x0000000088500000, 0x0000000088500000, 0x0000000088600000|  0%| F|  |TAMS 0x0000000088500000, 0x0000000088500000| Untracked 
| 106|0x0000000088600000, 0x0000000088600000, 0x0000000088700000|  0%| F|  |TAMS 0x0000000088600000, 0x0000000088600000| Untracked 
| 107|0x0000000088700000, 0x0000000088700000, 0x0000000088800000|  0%| F|  |TAMS 0x0000000088700000, 0x0000000088700000| Untracked 
| 108|0x0000000088800000, 0x0000000088800000, 0x0000000088900000|  0%| F|  |TAMS 0x0000000088800000, 0x0000000088800000| Untracked 
| 109|0x0000000088900000, 0x0000000088978420, 0x0000000088a00000| 46%| S|CS|TAMS 0x0000000088900000, 0x0000000088900000| Complete 
| 110|0x0000000088a00000, 0x0000000088b00000, 0x0000000088b00000|100%| S|CS|TAMS 0x0000000088a00000, 0x0000000088a00000| Complete 
| 111|0x0000000088b00000, 0x0000000088b00000, 0x0000000088c00000|  0%| F|  |TAMS 0x0000000088b00000, 0x0000000088b00000| Untracked 
| 112|0x0000000088c00000, 0x0000000088c00000, 0x0000000088d00000|  0%| F|  |TAMS 0x0000000088c00000, 0x0000000088c00000| Untracked 
| 113|0x0000000088d00000, 0x0000000088d00000, 0x0000000088e00000|  0%| F|  |TAMS 0x0000000088d00000, 0x0000000088d00000| Untracked 
| 114|0x0000000088e00000, 0x0000000088e00000, 0x0000000088f00000|  0%| F|  |TAMS 0x0000000088e00000, 0x0000000088e00000| Untracked 
| 115|0x0000000088f00000, 0x0000000088f00000, 0x0000000089000000|  0%| F|  |TAMS 0x0000000088f00000, 0x0000000088f00000| Untracked 
| 116|0x0000000089000000, 0x0000000089000000, 0x0000000089100000|  0%| F|  |TAMS 0x0000000089000000, 0x0000000089000000| Untracked 
| 117|0x0000000089100000, 0x0000000089100000, 0x0000000089200000|  0%| F|  |TAMS 0x0000000089100000, 0x0000000089100000| Untracked 
| 118|0x0000000089200000, 0x0000000089200000, 0x0000000089300000|  0%| F|  |TAMS 0x0000000089200000, 0x0000000089200000| Untracked 
| 119|0x0000000089300000, 0x0000000089300000, 0x0000000089400000|  0%| F|  |TAMS 0x0000000089300000, 0x0000000089300000| Untracked 
| 120|0x0000000089400000, 0x0000000089400000, 0x0000000089500000|  0%| F|  |TAMS 0x0000000089400000, 0x0000000089400000| Untracked 
| 121|0x0000000089500000, 0x0000000089500000, 0x0000000089600000|  0%| F|  |TAMS 0x0000000089500000, 0x0000000089500000| Untracked 
| 122|0x0000000089600000, 0x0000000089600000, 0x0000000089700000|  0%| F|  |TAMS 0x0000000089600000, 0x0000000089600000| Untracked 
| 123|0x0000000089700000, 0x0000000089700000, 0x0000000089800000|  0%| F|  |TAMS 0x0000000089700000, 0x0000000089700000| Untracked 
| 124|0x0000000089800000, 0x0000000089800000, 0x0000000089900000|  0%| F|  |TAMS 0x0000000089800000, 0x0000000089800000| Untracked 
| 125|0x0000000089900000, 0x0000000089900000, 0x0000000089a00000|  0%| F|  |TAMS 0x0000000089900000, 0x0000000089900000| Untracked 
| 126|0x0000000089a00000, 0x0000000089a00000, 0x0000000089b00000|  0%| F|  |TAMS 0x0000000089a00000, 0x0000000089a00000| Untracked 
| 127|0x0000000089b00000, 0x0000000089b00000, 0x0000000089c00000|  0%| F|  |TAMS 0x0000000089b00000, 0x0000000089b00000| Untracked 
| 128|0x0000000089c00000, 0x0000000089c00000, 0x0000000089d00000|  0%| F|  |TAMS 0x0000000089c00000, 0x0000000089c00000| Untracked 
| 129|0x0000000089d00000, 0x0000000089d00000, 0x0000000089e00000|  0%| F|  |TAMS 0x0000000089d00000, 0x0000000089d00000| Untracked 
| 130|0x0000000089e00000, 0x0000000089e00000, 0x0000000089f00000|  0%| F|  |TAMS 0x0000000089e00000, 0x0000000089e00000| Untracked 
| 131|0x0000000089f00000, 0x0000000089f00000, 0x000000008a000000|  0%| F|  |TAMS 0x0000000089f00000, 0x0000000089f00000| Untracked 
| 132|0x000000008a000000, 0x000000008a000000, 0x000000008a100000|  0%| F|  |TAMS 0x000000008a000000, 0x000000008a000000| Untracked 
| 133|0x000000008a100000, 0x000000008a100000, 0x000000008a200000|  0%| F|  |TAMS 0x000000008a100000, 0x000000008a100000| Untracked 
| 134|0x000000008a200000, 0x000000008a200000, 0x000000008a300000|  0%| F|  |TAMS 0x000000008a200000, 0x000000008a200000| Untracked 
| 135|0x000000008a300000, 0x000000008a300000, 0x000000008a400000|  0%| F|  |TAMS 0x000000008a300000, 0x000000008a300000| Untracked 
| 136|0x000000008a400000, 0x000000008a400000, 0x000000008a500000|  0%| F|  |TAMS 0x000000008a400000, 0x000000008a400000| Untracked 
| 137|0x000000008a500000, 0x000000008a500000, 0x000000008a600000|  0%| F|  |TAMS 0x000000008a500000, 0x000000008a500000| Untracked 
| 138|0x000000008a600000, 0x000000008a600000, 0x000000008a700000|  0%| F|  |TAMS 0x000000008a600000, 0x000000008a600000| Untracked 
| 139|0x000000008a700000, 0x000000008a700000, 0x000000008a800000|  0%| F|  |TAMS 0x000000008a700000, 0x000000008a700000| Untracked 
| 140|0x000000008a800000, 0x000000008a800000, 0x000000008a900000|  0%| F|  |TAMS 0x000000008a800000, 0x000000008a800000| Untracked 
| 141|0x000000008a900000, 0x000000008a900000, 0x000000008aa00000|  0%| F|  |TAMS 0x000000008a900000, 0x000000008a900000| Untracked 
| 142|0x000000008aa00000, 0x000000008aa00000, 0x000000008ab00000|  0%| F|  |TAMS 0x000000008aa00000, 0x000000008aa00000| Untracked 
| 143|0x000000008ab00000, 0x000000008ab00000, 0x000000008ac00000|  0%| F|  |TAMS 0x000000008ab00000, 0x000000008ab00000| Untracked 
| 144|0x000000008ac00000, 0x000000008ac00000, 0x000000008ad00000|  0%| F|  |TAMS 0x000000008ac00000, 0x000000008ac00000| Untracked 
| 145|0x000000008ad00000, 0x000000008ad00000, 0x000000008ae00000|  0%| F|  |TAMS 0x000000008ad00000, 0x000000008ad00000| Untracked 
| 146|0x000000008ae00000, 0x000000008ae00000, 0x000000008af00000|  0%| F|  |TAMS 0x000000008ae00000, 0x000000008ae00000| Untracked 
| 147|0x000000008af00000, 0x000000008af00000, 0x000000008b000000|  0%| F|  |TAMS 0x000000008af00000, 0x000000008af00000| Untracked 
| 148|0x000000008b000000, 0x000000008b000000, 0x000000008b100000|  0%| F|  |TAMS 0x000000008b000000, 0x000000008b000000| Untracked 
| 149|0x000000008b100000, 0x000000008b100000, 0x000000008b200000|  0%| F|  |TAMS 0x000000008b100000, 0x000000008b100000| Untracked 
| 150|0x000000008b200000, 0x000000008b200000, 0x000000008b300000|  0%| F|  |TAMS 0x000000008b200000, 0x000000008b200000| Untracked 
| 151|0x000000008b300000, 0x000000008b300000, 0x000000008b400000|  0%| F|  |TAMS 0x000000008b300000, 0x000000008b300000| Untracked 
| 152|0x000000008b400000, 0x000000008b400000, 0x000000008b500000|  0%| F|  |TAMS 0x000000008b400000, 0x000000008b400000| Untracked 
| 153|0x000000008b500000, 0x000000008b500000, 0x000000008b600000|  0%| F|  |TAMS 0x000000008b500000, 0x000000008b500000| Untracked 
| 154|0x000000008b600000, 0x000000008b600000, 0x000000008b700000|  0%| F|  |TAMS 0x000000008b600000, 0x000000008b600000| Untracked 
| 155|0x000000008b700000, 0x000000008b700000, 0x000000008b800000|  0%| F|  |TAMS 0x000000008b700000, 0x000000008b700000| Untracked 
| 156|0x000000008b800000, 0x000000008b800000, 0x000000008b900000|  0%| F|  |TAMS 0x000000008b800000, 0x000000008b800000| Untracked 
| 157|0x000000008b900000, 0x000000008b900000, 0x000000008ba00000|  0%| F|  |TAMS 0x000000008b900000, 0x000000008b900000| Untracked 
| 158|0x000000008ba00000, 0x000000008ba00000, 0x000000008bb00000|  0%| F|  |TAMS 0x000000008ba00000, 0x000000008ba00000| Untracked 
| 159|0x000000008bb00000, 0x000000008bb00000, 0x000000008bc00000|  0%| F|  |TAMS 0x000000008bb00000, 0x000000008bb00000| Untracked 
| 160|0x000000008bc00000, 0x000000008bc00000, 0x000000008bd00000|  0%| F|  |TAMS 0x000000008bc00000, 0x000000008bc00000| Untracked 
| 161|0x000000008bd00000, 0x000000008bd00000, 0x000000008be00000|  0%| F|  |TAMS 0x000000008bd00000, 0x000000008bd00000| Untracked 
| 162|0x000000008be00000, 0x000000008be00000, 0x000000008bf00000|  0%| F|  |TAMS 0x000000008be00000, 0x000000008be00000| Untracked 
| 163|0x000000008bf00000, 0x000000008bf00000, 0x000000008c000000|  0%| F|  |TAMS 0x000000008bf00000, 0x000000008bf00000| Untracked 
| 164|0x000000008c000000, 0x000000008c000000, 0x000000008c100000|  0%| F|  |TAMS 0x000000008c000000, 0x000000008c000000| Untracked 
| 165|0x000000008c100000, 0x000000008c100000, 0x000000008c200000|  0%| F|  |TAMS 0x000000008c100000, 0x000000008c100000| Untracked 
| 166|0x000000008c200000, 0x000000008c200000, 0x000000008c300000|  0%| F|  |TAMS 0x000000008c200000, 0x000000008c200000| Untracked 
| 167|0x000000008c300000, 0x000000008c300000, 0x000000008c400000|  0%| F|  |TAMS 0x000000008c300000, 0x000000008c300000| Untracked 
| 168|0x000000008c400000, 0x000000008c400000, 0x000000008c500000|  0%| F|  |TAMS 0x000000008c400000, 0x000000008c400000| Untracked 
| 169|0x000000008c500000, 0x000000008c500000, 0x000000008c600000|  0%| F|  |TAMS 0x000000008c500000, 0x000000008c500000| Untracked 
| 170|0x000000008c600000, 0x000000008c600000, 0x000000008c700000|  0%| F|  |TAMS 0x000000008c600000, 0x000000008c600000| Untracked 
| 171|0x000000008c700000, 0x000000008c700000, 0x000000008c800000|  0%| F|  |TAMS 0x000000008c700000, 0x000000008c700000| Untracked 
| 172|0x000000008c800000, 0x000000008c800000, 0x000000008c900000|  0%| F|  |TAMS 0x000000008c800000, 0x000000008c800000| Untracked 
| 173|0x000000008c900000, 0x000000008c900000, 0x000000008ca00000|  0%| F|  |TAMS 0x000000008c900000, 0x000000008c900000| Untracked 
| 174|0x000000008ca00000, 0x000000008ca00000, 0x000000008cb00000|  0%| F|  |TAMS 0x000000008ca00000, 0x000000008ca00000| Untracked 
| 175|0x000000008cb00000, 0x000000008cb00000, 0x000000008cc00000|  0%| F|  |TAMS 0x000000008cb00000, 0x000000008cb00000| Untracked 
| 176|0x000000008cc00000, 0x000000008cc00000, 0x000000008cd00000|  0%| F|  |TAMS 0x000000008cc00000, 0x000000008cc00000| Untracked 
| 177|0x000000008cd00000, 0x000000008cd00000, 0x000000008ce00000|  0%| F|  |TAMS 0x000000008cd00000, 0x000000008cd00000| Untracked 
| 178|0x000000008ce00000, 0x000000008ce00000, 0x000000008cf00000|  0%| F|  |TAMS 0x000000008ce00000, 0x000000008ce00000| Untracked 
| 179|0x000000008cf00000, 0x000000008cf00000, 0x000000008d000000|  0%| F|  |TAMS 0x000000008cf00000, 0x000000008cf00000| Untracked 
| 180|0x000000008d000000, 0x000000008d000000, 0x000000008d100000|  0%| F|  |TAMS 0x000000008d000000, 0x000000008d000000| Untracked 
| 181|0x000000008d100000, 0x000000008d100000, 0x000000008d200000|  0%| F|  |TAMS 0x000000008d100000, 0x000000008d100000| Untracked 
| 182|0x000000008d200000, 0x000000008d200000, 0x000000008d300000|  0%| F|  |TAMS 0x000000008d200000, 0x000000008d200000| Untracked 
| 183|0x000000008d300000, 0x000000008d300000, 0x000000008d400000|  0%| F|  |TAMS 0x000000008d300000, 0x000000008d300000| Untracked 
| 184|0x000000008d400000, 0x000000008d400000, 0x000000008d500000|  0%| F|  |TAMS 0x000000008d400000, 0x000000008d400000| Untracked 
| 185|0x000000008d500000, 0x000000008d500000, 0x000000008d600000|  0%| F|  |TAMS 0x000000008d500000, 0x000000008d500000| Untracked 
| 186|0x000000008d600000, 0x000000008d600000, 0x000000008d700000|  0%| F|  |TAMS 0x000000008d600000, 0x000000008d600000| Untracked 
| 187|0x000000008d700000, 0x000000008d700000, 0x000000008d800000|  0%| F|  |TAMS 0x000000008d700000, 0x000000008d700000| Untracked 
| 188|0x000000008d800000, 0x000000008d800000, 0x000000008d900000|  0%| F|  |TAMS 0x000000008d800000, 0x000000008d800000| Untracked 
| 189|0x000000008d900000, 0x000000008d900000, 0x000000008da00000|  0%| F|  |TAMS 0x000000008d900000, 0x000000008d900000| Untracked 
| 190|0x000000008da00000, 0x000000008da00000, 0x000000008db00000|  0%| F|  |TAMS 0x000000008da00000, 0x000000008da00000| Untracked 
| 191|0x000000008db00000, 0x000000008db00000, 0x000000008dc00000|  0%| F|  |TAMS 0x000000008db00000, 0x000000008db00000| Untracked 
| 192|0x000000008dc00000, 0x000000008dc00000, 0x000000008dd00000|  0%| F|  |TAMS 0x000000008dc00000, 0x000000008dc00000| Untracked 
| 193|0x000000008dd00000, 0x000000008dd00000, 0x000000008de00000|  0%| F|  |TAMS 0x000000008dd00000, 0x000000008dd00000| Untracked 
| 194|0x000000008de00000, 0x000000008de00000, 0x000000008df00000|  0%| F|  |TAMS 0x000000008de00000, 0x000000008de00000| Untracked 
| 195|0x000000008df00000, 0x000000008df00000, 0x000000008e000000|  0%| F|  |TAMS 0x000000008df00000, 0x000000008df00000| Untracked 
| 196|0x000000008e000000, 0x000000008e000000, 0x000000008e100000|  0%| F|  |TAMS 0x000000008e000000, 0x000000008e000000| Untracked 
| 197|0x000000008e100000, 0x000000008e100000, 0x000000008e200000|  0%| F|  |TAMS 0x000000008e100000, 0x000000008e100000| Untracked 
| 198|0x000000008e200000, 0x000000008e200000, 0x000000008e300000|  0%| F|  |TAMS 0x000000008e200000, 0x000000008e200000| Untracked 
| 199|0x000000008e300000, 0x000000008e300000, 0x000000008e400000|  0%| F|  |TAMS 0x000000008e300000, 0x000000008e300000| Untracked 
| 200|0x000000008e400000, 0x000000008e400000, 0x000000008e500000|  0%| F|  |TAMS 0x000000008e400000, 0x000000008e400000| Untracked 
| 201|0x000000008e500000, 0x000000008e500000, 0x000000008e600000|  0%| F|  |TAMS 0x000000008e500000, 0x000000008e500000| Untracked 
| 202|0x000000008e600000, 0x000000008e600000, 0x000000008e700000|  0%| F|  |TAMS 0x000000008e600000, 0x000000008e600000| Untracked 
| 203|0x000000008e700000, 0x000000008e700000, 0x000000008e800000|  0%| F|  |TAMS 0x000000008e700000, 0x000000008e700000| Untracked 
| 204|0x000000008e800000, 0x000000008e800000, 0x000000008e900000|  0%| F|  |TAMS 0x000000008e800000, 0x000000008e800000| Untracked 
| 205|0x000000008e900000, 0x000000008e900000, 0x000000008ea00000|  0%| F|  |TAMS 0x000000008e900000, 0x000000008e900000| Untracked 
| 206|0x000000008ea00000, 0x000000008ea00000, 0x000000008eb00000|  0%| F|  |TAMS 0x000000008ea00000, 0x000000008ea00000| Untracked 
| 207|0x000000008eb00000, 0x000000008eb00000, 0x000000008ec00000|  0%| F|  |TAMS 0x000000008eb00000, 0x000000008eb00000| Untracked 
| 208|0x000000008ec00000, 0x000000008ec00000, 0x000000008ed00000|  0%| F|  |TAMS 0x000000008ec00000, 0x000000008ec00000| Untracked 
| 209|0x000000008ed00000, 0x000000008ed00000, 0x000000008ee00000|  0%| F|  |TAMS 0x000000008ed00000, 0x000000008ed00000| Untracked 
| 210|0x000000008ee00000, 0x000000008ee00000, 0x000000008ef00000|  0%| F|  |TAMS 0x000000008ee00000, 0x000000008ee00000| Untracked 
| 211|0x000000008ef00000, 0x000000008ef00000, 0x000000008f000000|  0%| F|  |TAMS 0x000000008ef00000, 0x000000008ef00000| Untracked 
| 212|0x000000008f000000, 0x000000008f000000, 0x000000008f100000|  0%| F|  |TAMS 0x000000008f000000, 0x000000008f000000| Untracked 
| 213|0x000000008f100000, 0x000000008f100000, 0x000000008f200000|  0%| F|  |TAMS 0x000000008f100000, 0x000000008f100000| Untracked 
| 214|0x000000008f200000, 0x000000008f200000, 0x000000008f300000|  0%| F|  |TAMS 0x000000008f200000, 0x000000008f200000| Untracked 
| 215|0x000000008f300000, 0x000000008f300000, 0x000000008f400000|  0%| F|  |TAMS 0x000000008f300000, 0x000000008f300000| Untracked 
| 216|0x000000008f400000, 0x000000008f400000, 0x000000008f500000|  0%| F|  |TAMS 0x000000008f400000, 0x000000008f400000| Untracked 
| 217|0x000000008f500000, 0x000000008f500000, 0x000000008f600000|  0%| F|  |TAMS 0x000000008f500000, 0x000000008f500000| Untracked 
| 218|0x000000008f600000, 0x000000008f600000, 0x000000008f700000|  0%| F|  |TAMS 0x000000008f600000, 0x000000008f600000| Untracked 
| 219|0x000000008f700000, 0x000000008f700000, 0x000000008f800000|  0%| F|  |TAMS 0x000000008f700000, 0x000000008f700000| Untracked 
| 220|0x000000008f800000, 0x000000008f800000, 0x000000008f900000|  0%| F|  |TAMS 0x000000008f800000, 0x000000008f800000| Untracked 
| 221|0x000000008f900000, 0x000000008f900000, 0x000000008fa00000|  0%| F|  |TAMS 0x000000008f900000, 0x000000008f900000| Untracked 
| 222|0x000000008fa00000, 0x000000008fa00000, 0x000000008fb00000|  0%| F|  |TAMS 0x000000008fa00000, 0x000000008fa00000| Untracked 
| 223|0x000000008fb00000, 0x000000008fb00000, 0x000000008fc00000|  0%| F|  |TAMS 0x000000008fb00000, 0x000000008fb00000| Untracked 
| 224|0x000000008fc00000, 0x000000008fc00000, 0x000000008fd00000|  0%| F|  |TAMS 0x000000008fc00000, 0x000000008fc00000| Untracked 
| 225|0x000000008fd00000, 0x000000008fd00000, 0x000000008fe00000|  0%| F|  |TAMS 0x000000008fd00000, 0x000000008fd00000| Untracked 
| 226|0x000000008fe00000, 0x000000008fe00000, 0x000000008ff00000|  0%| F|  |TAMS 0x000000008fe00000, 0x000000008fe00000| Untracked 
| 227|0x000000008ff00000, 0x000000008ff00000, 0x0000000090000000|  0%| F|  |TAMS 0x000000008ff00000, 0x000000008ff00000| Untracked 
| 228|0x0000000090000000, 0x0000000090000000, 0x0000000090100000|  0%| F|  |TAMS 0x0000000090000000, 0x0000000090000000| Untracked 
| 229|0x0000000090100000, 0x0000000090100000, 0x0000000090200000|  0%| F|  |TAMS 0x0000000090100000, 0x0000000090100000| Untracked 
| 230|0x0000000090200000, 0x0000000090200000, 0x0000000090300000|  0%| F|  |TAMS 0x0000000090200000, 0x0000000090200000| Untracked 
| 231|0x0000000090300000, 0x0000000090300000, 0x0000000090400000|  0%| F|  |TAMS 0x0000000090300000, 0x0000000090300000| Untracked 
| 232|0x0000000090400000, 0x0000000090400000, 0x0000000090500000|  0%| F|  |TAMS 0x0000000090400000, 0x0000000090400000| Untracked 
| 233|0x0000000090500000, 0x0000000090500000, 0x0000000090600000|  0%| F|  |TAMS 0x0000000090500000, 0x0000000090500000| Untracked 
| 234|0x0000000090600000, 0x0000000090600000, 0x0000000090700000|  0%| F|  |TAMS 0x0000000090600000, 0x0000000090600000| Untracked 
| 235|0x0000000090700000, 0x0000000090700000, 0x0000000090800000|  0%| F|  |TAMS 0x0000000090700000, 0x0000000090700000| Untracked 
| 236|0x0000000090800000, 0x0000000090800000, 0x0000000090900000|  0%| F|  |TAMS 0x0000000090800000, 0x0000000090800000| Untracked 
| 237|0x0000000090900000, 0x0000000090900000, 0x0000000090a00000|  0%| F|  |TAMS 0x0000000090900000, 0x0000000090900000| Untracked 
| 238|0x0000000090a00000, 0x0000000090a00000, 0x0000000090b00000|  0%| F|  |TAMS 0x0000000090a00000, 0x0000000090a00000| Untracked 
| 239|0x0000000090b00000, 0x0000000090b00000, 0x0000000090c00000|  0%| F|  |TAMS 0x0000000090b00000, 0x0000000090b00000| Untracked 
| 240|0x0000000090c00000, 0x0000000090c00000, 0x0000000090d00000|  0%| F|  |TAMS 0x0000000090c00000, 0x0000000090c00000| Untracked 
| 241|0x0000000090d00000, 0x0000000090d00000, 0x0000000090e00000|  0%| F|  |TAMS 0x0000000090d00000, 0x0000000090d00000| Untracked 
| 242|0x0000000090e00000, 0x0000000090e00000, 0x0000000090f00000|  0%| F|  |TAMS 0x0000000090e00000, 0x0000000090e00000| Untracked 
| 243|0x0000000090f00000, 0x0000000090f00000, 0x0000000091000000|  0%| F|  |TAMS 0x0000000090f00000, 0x0000000090f00000| Untracked 
| 244|0x0000000091000000, 0x0000000091000000, 0x0000000091100000|  0%| F|  |TAMS 0x0000000091000000, 0x0000000091000000| Untracked 
| 245|0x0000000091100000, 0x0000000091100000, 0x0000000091200000|  0%| F|  |TAMS 0x0000000091100000, 0x0000000091100000| Untracked 
| 246|0x0000000091200000, 0x0000000091200000, 0x0000000091300000|  0%| F|  |TAMS 0x0000000091200000, 0x0000000091200000| Untracked 
| 247|0x0000000091300000, 0x0000000091300000, 0x0000000091400000|  0%| F|  |TAMS 0x0000000091300000, 0x0000000091300000| Untracked 
| 248|0x0000000091400000, 0x0000000091400000, 0x0000000091500000|  0%| F|  |TAMS 0x0000000091400000, 0x0000000091400000| Untracked 
| 249|0x0000000091500000, 0x0000000091500000, 0x0000000091600000|  0%| F|  |TAMS 0x0000000091500000, 0x0000000091500000| Untracked 
| 250|0x0000000091600000, 0x0000000091600000, 0x0000000091700000|  0%| F|  |TAMS 0x0000000091600000, 0x0000000091600000| Untracked 
| 251|0x0000000091700000, 0x0000000091700000, 0x0000000091800000|  0%| F|  |TAMS 0x0000000091700000, 0x0000000091700000| Untracked 
| 252|0x0000000091800000, 0x0000000091800000, 0x0000000091900000|  0%| F|  |TAMS 0x0000000091800000, 0x0000000091800000| Untracked 
| 253|0x0000000091900000, 0x0000000091900000, 0x0000000091a00000|  0%| F|  |TAMS 0x0000000091900000, 0x0000000091900000| Untracked 
| 254|0x0000000091a00000, 0x0000000091a00000, 0x0000000091b00000|  0%| F|  |TAMS 0x0000000091a00000, 0x0000000091a00000| Untracked 
| 255|0x0000000091b00000, 0x0000000091b00000, 0x0000000091c00000|  0%| F|  |TAMS 0x0000000091b00000, 0x0000000091b00000| Untracked 
| 256|0x0000000091c00000, 0x0000000091c80000, 0x0000000091d00000| 50%| E|  |TAMS 0x0000000091c00000, 0x0000000091c00000| Complete 
| 257|0x0000000091d00000, 0x0000000091e00000, 0x0000000091e00000|100%| E|CS|TAMS 0x0000000091d00000, 0x0000000091d00000| Complete 
| 258|0x0000000091e00000, 0x0000000091f00000, 0x0000000091f00000|100%| E|CS|TAMS 0x0000000091e00000, 0x0000000091e00000| Complete 
| 259|0x0000000091f00000, 0x0000000092000000, 0x0000000092000000|100%| E|CS|TAMS 0x0000000091f00000, 0x0000000091f00000| Complete 
| 260|0x0000000092000000, 0x0000000092100000, 0x0000000092100000|100%| E|CS|TAMS 0x0000000092000000, 0x0000000092000000| Complete 
| 261|0x0000000092100000, 0x0000000092200000, 0x0000000092200000|100%| E|CS|TAMS 0x0000000092100000, 0x0000000092100000| Complete 
| 262|0x0000000092200000, 0x0000000092300000, 0x0000000092300000|100%| E|CS|TAMS 0x0000000092200000, 0x0000000092200000| Complete 
| 263|0x0000000092300000, 0x0000000092400000, 0x0000000092400000|100%| E|CS|TAMS 0x0000000092300000, 0x0000000092300000| Complete 
| 264|0x0000000092400000, 0x0000000092500000, 0x0000000092500000|100%| E|CS|TAMS 0x0000000092400000, 0x0000000092400000| Complete 
| 265|0x0000000092500000, 0x0000000092600000, 0x0000000092600000|100%| E|CS|TAMS 0x0000000092500000, 0x0000000092500000| Complete 
| 266|0x0000000092600000, 0x0000000092700000, 0x0000000092700000|100%| E|CS|TAMS 0x0000000092600000, 0x0000000092600000| Complete 
| 267|0x0000000092700000, 0x0000000092800000, 0x0000000092800000|100%| E|CS|TAMS 0x0000000092700000, 0x0000000092700000| Complete 
| 268|0x0000000092800000, 0x0000000092900000, 0x0000000092900000|100%| E|CS|TAMS 0x0000000092800000, 0x0000000092800000| Complete 
| 269|0x0000000092900000, 0x0000000092a00000, 0x0000000092a00000|100%| E|CS|TAMS 0x0000000092900000, 0x0000000092900000| Complete 
| 270|0x0000000092a00000, 0x0000000092b00000, 0x0000000092b00000|100%| E|CS|TAMS 0x0000000092a00000, 0x0000000092a00000| Complete 
| 271|0x0000000092b00000, 0x0000000092c00000, 0x0000000092c00000|100%| E|CS|TAMS 0x0000000092b00000, 0x0000000092b00000| Complete 
| 272|0x0000000092c00000, 0x0000000092d00000, 0x0000000092d00000|100%| E|CS|TAMS 0x0000000092c00000, 0x0000000092c00000| Complete 
| 273|0x0000000092d00000, 0x0000000092e00000, 0x0000000092e00000|100%| E|CS|TAMS 0x0000000092d00000, 0x0000000092d00000| Complete 
| 274|0x0000000092e00000, 0x0000000092f00000, 0x0000000092f00000|100%| E|CS|TAMS 0x0000000092e00000, 0x0000000092e00000| Complete 
| 275|0x0000000092f00000, 0x0000000093000000, 0x0000000093000000|100%| E|CS|TAMS 0x0000000092f00000, 0x0000000092f00000| Complete 
| 276|0x0000000093000000, 0x0000000093100000, 0x0000000093100000|100%| E|CS|TAMS 0x0000000093000000, 0x0000000093000000| Complete 
| 277|0x0000000093100000, 0x0000000093200000, 0x0000000093200000|100%| E|CS|TAMS 0x0000000093100000, 0x0000000093100000| Complete 
| 278|0x0000000093200000, 0x0000000093300000, 0x0000000093300000|100%| E|CS|TAMS 0x0000000093200000, 0x0000000093200000| Complete 
| 279|0x0000000093300000, 0x0000000093400000, 0x0000000093400000|100%| E|CS|TAMS 0x0000000093300000, 0x0000000093300000| Complete 
| 280|0x0000000093400000, 0x0000000093500000, 0x0000000093500000|100%| E|CS|TAMS 0x0000000093400000, 0x0000000093400000| Complete 
| 281|0x0000000093500000, 0x0000000093600000, 0x0000000093600000|100%| E|CS|TAMS 0x0000000093500000, 0x0000000093500000| Complete 
| 282|0x0000000093600000, 0x0000000093700000, 0x0000000093700000|100%| E|CS|TAMS 0x0000000093600000, 0x0000000093600000| Complete 
| 283|0x0000000093700000, 0x0000000093800000, 0x0000000093800000|100%| E|CS|TAMS 0x0000000093700000, 0x0000000093700000| Complete 
| 284|0x0000000093800000, 0x0000000093900000, 0x0000000093900000|100%| E|CS|TAMS 0x0000000093800000, 0x0000000093800000| Complete 
| 285|0x0000000093900000, 0x0000000093a00000, 0x0000000093a00000|100%| E|CS|TAMS 0x0000000093900000, 0x0000000093900000| Complete 
|2019|0x00000000fff00000, 0x0000000100000000, 0x0000000100000000|100%| O|  |TAMS 0x0000000100000000, 0x00000000fff00000| Untracked 

Card table byte_map: [0x0000027227bc0000,0x0000027227fc0000] _byte_map_base: 0x00000272277b2000

Marking Bits (Prev, Next): (CMBitMap*) 0x0000027215026c10, (CMBitMap*) 0x0000027215026c50
 Prev Bits: [0x00000272283c0000, 0x000002722a350000)
 Next Bits: [0x000002722a350000, 0x000002722c2e0000)

Polling page: 0x0000027212ec0000

Metaspace:

Usage:
  Non-class:     67.32 MB used.
      Class:      8.48 MB used.
       Both:     75.80 MB used.

Virtual space:
  Non-class space:      128.00 MB reserved,      67.44 MB ( 53%) committed,  2 nodes.
      Class space:        1.00 GB reserved,       8.62 MB ( <1%) committed,  1 nodes.
             Both:        1.12 GB reserved,      76.06 MB (  7%) committed. 

Chunk freelists:
   Non-Class:  11.81 MB
       Class:  7.19 MB
        Both:  19.00 MB

MaxMetaspaceSize: unlimited
CompressedClassSpaceSize: 1.00 GB
Initial GC threshold: 21.00 MB
Current GC threshold: 84.31 MB
CDS: on
MetaspaceReclaimPolicy: balanced
 - commit_granule_bytes: 65536.
 - commit_granule_words: 8192.
 - virtual_space_node_default_size: 8388608.
 - enlarge_chunks_in_place: 1.
 - new_chunks_are_fully_committed: 0.
 - uncommit_free_chunks: 1.
 - use_allocation_guard: 0.
 - handle_deallocations: 1.


Internal statistics:

num_allocs_failed_limit: 3.
num_arena_births: 328.
num_arena_deaths: 0.
num_vsnodes_births: 3.
num_vsnodes_deaths: 0.
num_space_committed: 1215.
num_space_uncommitted: 0.
num_chunks_returned_to_freelist: 3.
num_chunks_taken_from_freelist: 3070.
num_chunk_merges: 3.
num_chunk_splits: 2525.
num_chunks_enlarged: 2265.
num_inconsistent_stats: 0.

CodeHeap 'non-profiled nmethods': size=120000Kb used=8013Kb max_used=8013Kb free=111986Kb
 bounds [0x0000027220290000, 0x0000027220a70000, 0x00000272277c0000]
CodeHeap 'profiled nmethods': size=120000Kb used=39446Kb max_used=39446Kb free=80554Kb
 bounds [0x00000272187c0000, 0x000002721ae50000, 0x000002721fcf0000]
CodeHeap 'non-nmethods': size=5760Kb used=1390Kb max_used=1440Kb free=4370Kb
 bounds [0x000002721fcf0000, 0x000002721ff60000, 0x0000027220290000]
 total_blobs=13394 nmethods=12685 adapters=615
 compilation: enabled
              stopped_count=0, restarted_count=0
 full_count=0

Compilation events (20 events):
Event: 49.547 Thread 0x000002722ece2fe0 nmethod 15334 0x0000027220a59290 code [0x0000027220a59420, 0x0000027220a59548]
Event: 49.548 Thread 0x000002722ece2fe0 15335       4       org.jetbrains.kotlin.backend.jvm.mapping.IrTypeMapper::writeGenericType (13 bytes)
Event: 49.691 Thread 0x000002722ece2fe0 nmethod 15335 0x0000027220a59710 code [0x0000027220a59ae0, 0x0000027220a5bc78]
Event: 49.695 Thread 0x000002722e806bb0 15336       3       org.jetbrains.kotlin.resolve.jvm.diagnostics.RawSignature::equals (68 bytes)
Event: 49.696 Thread 0x000002722e806bb0 nmethod 15336 0x000002721ae32110 code [0x000002721ae32320, 0x000002721ae32ab8]
Event: 49.699 Thread 0x000002722ece2fe0 15337       4       org.jetbrains.kotlin.ir.declarations.lazy.IrLazySymbolTable::getLock (8 bytes)
Event: 49.700 Thread 0x000002722ece2fe0 nmethod 15337 0x0000027220a5e090 code [0x0000027220a5e200, 0x0000027220a5e298]
Event: 49.704 Thread 0x000002722e806bb0 15338       3       org.jetbrains.kotlin.ir.declarations.lazy.IrLazyDeclarationBase$createLazyAnnotations$1::invoke (5 bytes)
Event: 49.704 Thread 0x000002722e806bb0 nmethod 15338 0x000002721ae32c90 code [0x000002721ae32e20, 0x000002721ae32f68]
Event: 49.706 Thread 0x000002722e806bb0 15339       3       org.jetbrains.kotlin.ir.util.ConstantValueGenerator::generateAnnotationConstructorCall$default (31 bytes)
Event: 49.706 Thread 0x000002722e806bb0 nmethod 15339 0x000002721ae33010 code [0x000002721ae331c0, 0x000002721ae33438]
Event: 49.707 Thread 0x000002722ece2fe0 15340       4       org.jetbrains.kotlin.backend.jvm.mapping.IrTypeMapper::computeClassInternalName (303 bytes)
Event: 49.713 Thread 0x000002722e79d980 nmethod 15329 0x0000027220a5e390 code [0x0000027220a5e6e0, 0x0000027220a61ce0]
Event: 49.723 Thread 0x000002722e806bb0 15341       3       org.jetbrains.kotlin.ir.declarations.IrPackageFragment::<init> (5 bytes)
Event: 49.724 Thread 0x000002722e806bb0 nmethod 15341 0x000002721ae33590 code [0x000002721ae33740, 0x000002721ae338f8]
Event: 49.724 Thread 0x000002722e806bb0 15342       3       org.jetbrains.kotlin.ir.util.DeclarationStubGenerator::generateOrGetEmptyExternalPackageFragmentStub (44 bytes)
Event: 49.725 Thread 0x000002722e806bb0 nmethod 15342 0x000002721ae33a10 code [0x000002721ae33c80, 0x000002721ae34598]
Event: 49.728 Thread 0x000002722e806bb0 15343       3       org.jetbrains.kotlin.ir.declarations.lazy.IrLazyDeclarationBase$createLazyAnnotations$1::invoke (153 bytes)
Event: 49.729 Thread 0x000002722e806bb0 nmethod 15343 0x000002721ae34890 code [0x000002721ae34b60, 0x000002721ae35d28]
Event: 49.732 Thread 0x000002722e79d980 15344       4       org.jetbrains.kotlin.types.AbstractTypeMapper::mapType (568 bytes)

GC Heap History (20 events):
Event: 27.513 GC heap before
{Heap before GC invocations=27 (full 0):
 garbage-first heap   total 153600K, used 104180K [0x0000000081c00000, 0x0000000100000000)
  region size 1024K, 59 young (60416K), 3 survivors (3072K)
 Metaspace       used 56103K, committed 56320K, reserved 1114112K
  class space    used 6661K, committed 6784K, reserved 1048576K
}
Event: 27.537 GC heap after
{Heap after GC invocations=28 (full 0):
 garbage-first heap   total 153600K, used 53926K [0x0000000081c00000, 0x0000000100000000)
  region size 1024K, 8 young (8192K), 8 survivors (8192K)
 Metaspace       used 56103K, committed 56320K, reserved 1114112K
  class space    used 6661K, committed 6784K, reserved 1048576K
}
Event: 27.586 GC heap before
{Heap before GC invocations=28 (full 0):
 garbage-first heap   total 153600K, used 54950K [0x0000000081c00000, 0x0000000100000000)
  region size 1024K, 9 young (9216K), 8 survivors (8192K)
 Metaspace       used 56106K, committed 56320K, reserved 1114112K
  class space    used 6661K, committed 6784K, reserved 1048576K
}
Event: 27.604 GC heap after
{Heap after GC invocations=29 (full 0):
 garbage-first heap   total 153600K, used 54629K [0x0000000081c00000, 0x0000000100000000)
  region size 1024K, 1 young (1024K), 1 survivors (1024K)
 Metaspace       used 56106K, committed 56320K, reserved 1114112K
  class space    used 6661K, committed 6784K, reserved 1048576K
}
Event: 32.504 GC heap before
{Heap before GC invocations=29 (full 0):
 garbage-first heap   total 153600K, used 111973K [0x0000000081c00000, 0x0000000100000000)
  region size 1024K, 55 young (56320K), 1 survivors (1024K)
 Metaspace       used 57298K, committed 57664K, reserved 1114112K
  class space    used 6755K, committed 6912K, reserved 1048576K
}
Event: 32.527 GC heap after
{Heap after GC invocations=30 (full 0):
 garbage-first heap   total 153600K, used 65427K [0x0000000081c00000, 0x0000000100000000)
  region size 1024K, 7 young (7168K), 7 survivors (7168K)
 Metaspace       used 57298K, committed 57664K, reserved 1114112K
  class space    used 6755K, committed 6912K, reserved 1048576K
}
Event: 35.735 GC heap before
{Heap before GC invocations=30 (full 0):
 garbage-first heap   total 153600K, used 113555K [0x0000000081c00000, 0x0000000100000000)
  region size 1024K, 54 young (55296K), 7 survivors (7168K)
 Metaspace       used 63410K, committed 63744K, reserved 1114112K
  class space    used 7476K, committed 7616K, reserved 1048576K
}
Event: 35.782 GC heap after
{Heap after GC invocations=31 (full 0):
 garbage-first heap   total 153600K, used 71891K [0x0000000081c00000, 0x0000000100000000)
  region size 1024K, 6 young (6144K), 6 survivors (6144K)
 Metaspace       used 63410K, committed 63744K, reserved 1114112K
  class space    used 7476K, committed 7616K, reserved 1048576K
}
Event: 38.657 GC heap before
{Heap before GC invocations=31 (full 0):
 garbage-first heap   total 153600K, used 116947K [0x0000000081c00000, 0x0000000100000000)
  region size 1024K, 50 young (51200K), 6 survivors (6144K)
 Metaspace       used 64909K, committed 65216K, reserved 1114112K
  class space    used 7594K, committed 7744K, reserved 1048576K
}
Event: 38.685 GC heap after
{Heap after GC invocations=32 (full 0):
 garbage-first heap   total 153600K, used 79652K [0x0000000081c00000, 0x0000000100000000)
  region size 1024K, 7 young (7168K), 7 survivors (7168K)
 Metaspace       used 64909K, committed 65216K, reserved 1114112K
  class space    used 7594K, committed 7744K, reserved 1048576K
}
Event: 41.736 GC heap before
{Heap before GC invocations=32 (full 0):
 garbage-first heap   total 153600K, used 119588K [0x0000000081c00000, 0x0000000100000000)
  region size 1024K, 46 young (47104K), 7 survivors (7168K)
 Metaspace       used 71702K, committed 72064K, reserved 1114112K
  class space    used 8255K, committed 8448K, reserved 1048576K
}
Event: 41.756 GC heap after
{Heap after GC invocations=33 (full 0):
 garbage-first heap   total 153600K, used 83395K [0x0000000081c00000, 0x0000000100000000)
  region size 1024K, 4 young (4096K), 4 survivors (4096K)
 Metaspace       used 71702K, committed 72064K, reserved 1114112K
  class space    used 8255K, committed 8448K, reserved 1048576K
}
Event: 45.094 GC heap before
{Heap before GC invocations=33 (full 0):
 garbage-first heap   total 153600K, used 122307K [0x0000000081c00000, 0x0000000100000000)
  region size 1024K, 42 young (43008K), 4 survivors (4096K)
 Metaspace       used 74501K, committed 74816K, reserved 1179648K
  class space    used 8475K, committed 8640K, reserved 1048576K
}
Event: 45.105 GC heap after
{Heap after GC invocations=34 (full 0):
 garbage-first heap   total 153600K, used 83881K [0x0000000081c00000, 0x0000000100000000)
  region size 1024K, 4 young (4096K), 4 survivors (4096K)
 Metaspace       used 74501K, committed 74816K, reserved 1179648K
  class space    used 8475K, committed 8640K, reserved 1048576K
}
Event: 45.874 GC heap before
{Heap before GC invocations=34 (full 0):
 garbage-first heap   total 153600K, used 123817K [0x0000000081c00000, 0x0000000100000000)
  region size 1024K, 43 young (44032K), 4 survivors (4096K)
 Metaspace       used 74652K, committed 74944K, reserved 1179648K
  class space    used 8475K, committed 8640K, reserved 1048576K
}
Event: 45.891 GC heap after
{Heap after GC invocations=35 (full 0):
 garbage-first heap   total 153600K, used 88360K [0x0000000081c00000, 0x0000000100000000)
  region size 1024K, 6 young (6144K), 6 survivors (6144K)
 Metaspace       used 74652K, committed 74944K, reserved 1179648K
  class space    used 8475K, committed 8640K, reserved 1048576K
}
Event: 46.466 GC heap before
{Heap before GC invocations=35 (full 0):
 garbage-first heap   total 153600K, used 124200K [0x0000000081c00000, 0x0000000100000000)
  region size 1024K, 41 young (41984K), 6 survivors (6144K)
 Metaspace       used 74694K, committed 75008K, reserved 1179648K
  class space    used 8475K, committed 8640K, reserved 1048576K
}
Event: 46.481 GC heap after
{Heap after GC invocations=36 (full 0):
 garbage-first heap   total 153600K, used 89067K [0x0000000081c00000, 0x0000000100000000)
  region size 1024K, 1 young (1024K), 1 survivors (1024K)
 Metaspace       used 74694K, committed 75008K, reserved 1179648K
  class space    used 8475K, committed 8640K, reserved 1048576K
}
Event: 47.289 GC heap before
{Heap before GC invocations=36 (full 0):
 garbage-first heap   total 153600K, used 126955K [0x0000000081c00000, 0x0000000100000000)
  region size 1024K, 38 young (38912K), 1 survivors (1024K)
 Metaspace       used 76551K, committed 76864K, reserved 1179648K
  class space    used 8637K, committed 8832K, reserved 1048576K
}
Event: 47.298 GC heap after
{Heap after GC invocations=37 (full 0):
 garbage-first heap   total 293888K, used 89548K [0x0000000081c00000, 0x0000000100000000)
  region size 1024K, 2 young (2048K), 2 survivors (2048K)
 Metaspace       used 76551K, committed 76864K, reserved 1179648K
  class space    used 8637K, committed 8832K, reserved 1048576K
}

Dll operation events (3 events):
Event: 0.027 Loaded shared library C:\Users\mezan\.jdks\jbr-17.0.14\bin\java.dll
Event: 0.060 Loaded shared library C:\Users\mezan\.jdks\jbr-17.0.14\bin\jsvml.dll
Event: 4.008 Loaded shared library C:\Users\mezan\.jdks\jbr-17.0.14\bin\verify.dll

Deoptimization events (20 events):
Event: 49.331 Thread 0x0000027212fedff0 Uncommon trap: trap_request=0xffffffc6 fr.pc=0x0000027220370c3c relative=0x000000000000107c
Event: 49.331 Thread 0x0000027212fedff0 Uncommon trap: reason=bimorphic_or_optimized_type_check action=maybe_recompile pc=0x0000027220370c3c method=kotlin.collections.CollectionsKt___CollectionsKt.toList(Ljava/lang/Iterable;)Ljava/util/List; @ 71 c2
Event: 49.331 Thread 0x0000027212fedff0 DEOPT PACKING pc=0x0000027220370c3c sp=0x000000abdc3fd1e0
Event: 49.331 Thread 0x0000027212fedff0 DEOPT UNPACKING pc=0x000002721fd469a3 sp=0x000000abdc3fd1a8 mode 2
Event: 49.416 Thread 0x0000027212fedff0 Uncommon trap: trap_request=0xffffff45 fr.pc=0x0000027220a46844 relative=0x0000000000000fc4
Event: 49.416 Thread 0x0000027212fedff0 Uncommon trap: reason=unstable_if action=reinterpret pc=0x0000027220a46844 method=org.jetbrains.org.objectweb.asm.Type.appendDescriptor(Ljava/lang/StringBuilder;)V @ 6 c2
Event: 49.416 Thread 0x0000027212fedff0 DEOPT PACKING pc=0x0000027220a46844 sp=0x000000abdc3fc3e0
Event: 49.416 Thread 0x0000027212fedff0 DEOPT UNPACKING pc=0x000002721fd469a3 sp=0x000000abdc3fc3c8 mode 2
Event: 49.417 Thread 0x0000027212fedff0 Uncommon trap: trap_request=0xffffffc6 fr.pc=0x00000272205bd170 relative=0x0000000000001290
Event: 49.417 Thread 0x0000027212fedff0 Uncommon trap: reason=bimorphic_or_optimized_type_check action=maybe_recompile pc=0x00000272205bd170 method=kotlin.collections.CollectionsKt__MutableCollectionsKt.addAll(Ljava/util/Collection;Ljava/lang/Iterable;)Z @ 59 c2
Event: 49.417 Thread 0x0000027212fedff0 DEOPT PACKING pc=0x00000272205bd170 sp=0x000000abdc3fc620
Event: 49.417 Thread 0x0000027212fedff0 DEOPT UNPACKING pc=0x000002721fd469a3 sp=0x000000abdc3fc620 mode 2
Event: 49.417 Thread 0x0000027212fedff0 Uncommon trap: trap_request=0xffffffc6 fr.pc=0x00000272205bd170 relative=0x0000000000001290
Event: 49.417 Thread 0x0000027212fedff0 Uncommon trap: reason=bimorphic_or_optimized_type_check action=maybe_recompile pc=0x00000272205bd170 method=kotlin.collections.CollectionsKt__MutableCollectionsKt.addAll(Ljava/util/Collection;Ljava/lang/Iterable;)Z @ 59 c2
Event: 49.417 Thread 0x0000027212fedff0 DEOPT PACKING pc=0x00000272205bd170 sp=0x000000abdc3fc620
Event: 49.417 Thread 0x0000027212fedff0 DEOPT UNPACKING pc=0x000002721fd469a3 sp=0x000000abdc3fc620 mode 2
Event: 49.423 Thread 0x0000027212fedff0 Uncommon trap: trap_request=0xffffffc6 fr.pc=0x0000027220370c3c relative=0x000000000000107c
Event: 49.423 Thread 0x0000027212fedff0 Uncommon trap: reason=bimorphic_or_optimized_type_check action=maybe_recompile pc=0x0000027220370c3c method=kotlin.collections.CollectionsKt___CollectionsKt.toList(Ljava/lang/Iterable;)Ljava/util/List; @ 71 c2
Event: 49.423 Thread 0x0000027212fedff0 DEOPT PACKING pc=0x0000027220370c3c sp=0x000000abdc3fd1e0
Event: 49.423 Thread 0x0000027212fedff0 DEOPT UNPACKING pc=0x000002721fd469a3 sp=0x000000abdc3fd1a8 mode 2

Classes loaded (20 events):
Event: 29.150 Loading class java/util/stream/Node$OfPrimitive
Event: 29.150 Loading class java/util/stream/Node$OfPrimitive done
Event: 29.150 Loading class java/util/stream/Node$OfInt done
Event: 29.150 Loading class java/util/stream/Nodes$EmptyNode$OfInt done
Event: 29.150 Loading class java/util/stream/Nodes$EmptyNode$OfLong
Event: 29.150 Loading class java/util/stream/Node$OfLong
Event: 29.150 Loading class java/util/stream/Node$OfLong done
Event: 29.150 Loading class java/util/stream/Nodes$EmptyNode$OfLong done
Event: 29.150 Loading class java/util/stream/Nodes$EmptyNode$OfDouble
Event: 29.151 Loading class java/util/stream/Node$OfDouble
Event: 29.151 Loading class java/util/stream/Node$OfDouble done
Event: 29.151 Loading class java/util/stream/Nodes$EmptyNode$OfDouble done
Event: 29.151 Loading class java/util/stream/Nodes$SpinedNodeBuilder
Event: 29.152 Loading class java/util/stream/Node$Builder
Event: 29.152 Loading class java/util/stream/Node$Builder done
Event: 29.152 Loading class java/util/stream/SpinedBuffer
Event: 29.153 Loading class java/util/stream/AbstractSpinedBuffer
Event: 29.153 Loading class java/util/stream/AbstractSpinedBuffer done
Event: 29.153 Loading class java/util/stream/SpinedBuffer done
Event: 29.153 Loading class java/util/stream/Nodes$SpinedNodeBuilder done

Classes unloaded (0 events):
No events

Classes redefined (0 events):
No events

Internal exceptions (20 events):
Event: 14.360 Thread 0x0000027212fedff0 Exception <a 'java/lang/NoSuchMethodError'{0x0000000086916e70}: 'java.lang.Object java.lang.invoke.Invokers$Holder.linkToTargetMethod(java.lang.Object, java.lang.Object, java.lang.Object, java.lang.Object, java.lang.Object, java.lang.Object, java.lang.Object)'> (0x0000000086916e70) 
thrown [s\src\hotspot\share\interpreter\linkResolver.cpp, line 771]
Event: 14.576 Thread 0x0000027212fedff0 Implicit null exception at 0x00000272203db358 to 0x00000272203db3ee
Event: 17.725 Thread 0x0000027212fedff0 Implicit null exception at 0x00000272203ec5cc to 0x00000272203ec6a8
Event: 23.075 Thread 0x0000027212fedff0 Exception <a 'java/lang/NoSuchMethodError'{0x00000000895f2728}: 'java.lang.Object java.lang.invoke.DirectMethodHandle$Holder.invokeStatic(java.lang.Object, java.lang.Object, java.lang.Object, java.lang.Object, int)'> (0x00000000895f2728) 
thrown [s\src\hotspot\share\interpreter\linkResolver.cpp, line 771]
Event: 23.077 Thread 0x0000027212fedff0 Exception <a 'java/lang/NoSuchMethodError'{0x00000000895fc070}: 'java.lang.Object java.lang.invoke.DirectMethodHandle$Holder.newInvokeSpecial(java.lang.Object, java.lang.Object, java.lang.Object, java.lang.Object, int)'> (0x00000000895fc070) 
thrown [s\src\hotspot\share\interpreter\linkResolver.cpp, line 771]
Event: 23.077 Thread 0x0000027212fedff0 Exception <a 'java/lang/NoSuchMethodError'{0x0000000089400fa0}: 'java.lang.Object java.lang.invoke.DirectMethodHandle$Holder.invokeSpecial(java.lang.Object, java.lang.Object, java.lang.Object, java.lang.Object, java.lang.Object, int)'> (0x0000000089400fa0) 
thrown [s\src\hotspot\share\interpreter\linkResolver.cpp, line 771]
Event: 23.079 Thread 0x0000027212fedff0 Exception <a 'java/lang/NoSuchMethodError'{0x0000000089405480}: 'java.lang.Object java.lang.invoke.Invokers$Holder.linkToTargetMethod(java.lang.Object, java.lang.Object, java.lang.Object, int, java.lang.Object)'> (0x0000000089405480) 
thrown [s\src\hotspot\share\interpreter\linkResolver.cpp, line 771]
Event: 23.683 Thread 0x0000027212fedff0 Exception <a 'java/lang/NoSuchMethodError'{0x0000000088f94728}: 'java.lang.Object java.lang.invoke.DirectMethodHandle$Holder.invokeInterface(java.lang.Object, java.lang.Object, java.lang.Object)'> (0x0000000088f94728) 
thrown [s\src\hotspot\share\interpreter\linkResolver.cpp, line 771]
Event: 23.684 Thread 0x0000027212fedff0 Exception <a 'java/lang/IncompatibleClassChangeError'{0x0000000088f98098}: Found class java.lang.Object, but interface was expected> (0x0000000088f98098) 
thrown [s\src\hotspot\share\interpreter\linkResolver.cpp, line 838]
Event: 29.143 Thread 0x0000027212fedff0 Exception <a 'java/lang/NoSuchMethodError'{0x00000000894d51c0}: 'void java.lang.invoke.DirectMethodHandle$Holder.invokeInterface(java.lang.Object, java.lang.Object)'> (0x00000000894d51c0) 
thrown [s\src\hotspot\share\interpreter\linkResolver.cpp, line 771]
Event: 30.360 Thread 0x0000027212fedff0 Exception <a 'java/lang/NoSuchMethodError'{0x00000000883011e8}: 'int java.lang.invoke.DirectMethodHandle$Holder.invokeStaticInit(java.lang.Object, int)'> (0x00000000883011e8) 
thrown [s\src\hotspot\share\interpreter\linkResolver.cpp, line 771]
Event: 32.641 Thread 0x0000027212fedff0 Exception <a 'java/lang/NoSuchMethodError'{0x000000008af9ee18}: 'void java.lang.invoke.DirectMethodHandle$Holder.invokeSpecial(java.lang.Object, java.lang.Object, int, java.lang.Object)'> (0x000000008af9ee18) 
thrown [s\src\hotspot\share\interpreter\linkResolver.cpp, line 771]
Event: 32.866 Thread 0x0000027212fedff0 Exception <a 'java/lang/IncompatibleClassChangeError'{0x000000008addf370}: Found class java.lang.Object, but interface was expected> (0x000000008addf370) 
thrown [s\src\hotspot\share\interpreter\linkResolver.cpp, line 838]
Event: 34.688 Thread 0x0000027212fedff0 Exception <a 'java/lang/NoSuchMethodError'{0x0000000089650958}: 'java.lang.Object java.lang.invoke.DirectMethodHandle$Holder.invokeStatic(java.lang.Object, int, java.lang.Object)'> (0x0000000089650958) 
thrown [s\src\hotspot\share\interpreter\linkResolver.cpp, line 771]
Event: 38.967 Thread 0x0000027212fedff0 Exception <a 'java/lang/NoSuchMethodError'{0x000000008ac54800}: 'java.lang.Object java.lang.invoke.DirectMethodHandle$Holder.newInvokeSpecial(java.lang.Object, java.lang.Object, java.lang.Object, int, int, java.lang.Object)'> (0x000000008ac54800) 
thrown [s\src\hotspot\share\interpreter\linkResolver.cpp, line 771]
Event: 43.515 Thread 0x0000027212fedff0 Exception <a 'java/lang/NoSuchMethodError'{0x0000000089a620c0}: 'java.lang.Object java.lang.invoke.DirectMethodHandle$Holder.newInvokeSpecial(java.lang.Object, int, java.lang.Object, java.lang.Object)'> (0x0000000089a620c0) 
thrown [s\src\hotspot\share\interpreter\linkResolver.cpp, line 771]
Event: 43.519 Thread 0x0000027212fedff0 Exception <a 'java/lang/NoSuchMethodError'{0x0000000089a66ab8}: 'java.lang.Object java.lang.invoke.DirectMethodHandle$Holder.invokeSpecial(java.lang.Object, java.lang.Object, int, java.lang.Object, java.lang.Object)'> (0x0000000089a66ab8) 
thrown [s\src\hotspot\share\interpreter\linkResolver.cpp, line 771]
Event: 46.790 Thread 0x0000027212fedff0 Implicit null exception at 0x000002722095e5d8 to 0x000002722095e7b8
Event: 46.793 Thread 0x0000027212fedff0 Implicit null exception at 0x0000027220809c62 to 0x0000027220809cd8
Event: 46.793 Thread 0x0000027212fedff0 Implicit null exception at 0x000002722095c6d7 to 0x000002722095c749

VM Operations (20 events):
Event: 46.973 Executing VM operation: HandshakeAllThreads
Event: 46.973 Executing VM operation: HandshakeAllThreads done
Event: 46.977 Executing VM operation: HandshakeAllThreads
Event: 46.977 Executing VM operation: HandshakeAllThreads done
Event: 47.011 Executing VM operation: HandshakeAllThreads
Event: 47.011 Executing VM operation: HandshakeAllThreads done
Event: 47.167 Executing VM operation: ICBufferFull
Event: 47.167 Executing VM operation: ICBufferFull done
Event: 47.184 Executing VM operation: HandshakeAllThreads
Event: 47.184 Executing VM operation: HandshakeAllThreads done
Event: 47.227 Executing VM operation: HandshakeAllThreads
Event: 47.228 Executing VM operation: HandshakeAllThreads done
Event: 47.289 Executing VM operation: G1CollectForAllocation
Event: 47.298 Executing VM operation: G1CollectForAllocation done
Event: 47.881 Executing VM operation: ICBufferFull
Event: 47.881 Executing VM operation: ICBufferFull done
Event: 48.597 Executing VM operation: ICBufferFull
Event: 48.598 Executing VM operation: ICBufferFull done
Event: 49.396 Executing VM operation: ICBufferFull
Event: 49.396 Executing VM operation: ICBufferFull done

Memory protections (0 events):
No events

Nmethod flushes (20 events):
Event: 47.258 Thread 0x000002722ea50060 flushing  nmethod 0x000002721a566390
Event: 47.258 Thread 0x000002722ea50060 flushing  nmethod 0x000002721a566910
Event: 47.258 Thread 0x000002722ea50060 flushing  nmethod 0x000002721a567710
Event: 47.258 Thread 0x000002722ea50060 flushing  nmethod 0x000002721a568690
Event: 47.258 Thread 0x000002722ea50060 flushing  nmethod 0x000002721a56b390
Event: 47.258 Thread 0x000002722ea50060 flushing  nmethod 0x000002721a570590
Event: 47.258 Thread 0x000002722ea50060 flushing  nmethod 0x000002721a57aa90
Event: 47.258 Thread 0x000002722ea50060 flushing  nmethod 0x000002721a57b010
Event: 47.258 Thread 0x000002722ea50060 flushing  nmethod 0x000002721a590810
Event: 47.258 Thread 0x000002722ea50060 flushing  nmethod 0x000002721a592190
Event: 47.258 Thread 0x000002722ea50060 flushing  nmethod 0x000002721a592d90
Event: 47.258 Thread 0x000002722ea50060 flushing  nmethod 0x000002721a5ac410
Event: 47.258 Thread 0x000002722ea50060 flushing  nmethod 0x000002721a5afe10
Event: 47.258 Thread 0x000002722ea50060 flushing  nmethod 0x000002721a5b8610
Event: 47.258 Thread 0x000002722ea50060 flushing  nmethod 0x000002721a5bca10
Event: 47.258 Thread 0x000002722ea50060 flushing  nmethod 0x000002721a5c8290
Event: 47.258 Thread 0x000002722ea50060 flushing  nmethod 0x000002721a5ce090
Event: 47.258 Thread 0x000002722ea50060 flushing  nmethod 0x000002721a5d1690
Event: 47.258 Thread 0x000002722ea50060 flushing  nmethod 0x000002721a5d2510
Event: 47.259 Thread 0x000002722ea50060 flushing  nmethod 0x000002721a6fdc90

Events (20 events):
Event: 0.430 Loaded shared library C:\Users\mezan\.jdks\jbr-17.0.14\bin\jimage.dll
Event: 1.893 Thread 0x000002722e806bb0 Thread added: 0x0000027274215920
Event: 3.383 Thread 0x0000027274215920 Thread exited: 0x0000027274215920
Event: 3.550 Thread 0x000002722e806bb0 Thread added: 0x00000272744b3030
Event: 5.682 Thread 0x00000272744b3030 Thread exited: 0x00000272744b3030
Event: 5.838 Thread 0x000002722e806bb0 Thread added: 0x0000027274b368f0
Event: 6.138 Thread 0x0000027274b368f0 Thread exited: 0x0000027274b368f0
Event: 7.761 Thread 0x000002722e806bb0 Thread added: 0x00000272749d7060
Event: 22.287 Thread 0x00000272749d7060 Thread exited: 0x00000272749d7060
Event: 22.528 Thread 0x000002722e806bb0 Thread added: 0x00000272765ee7c0
Event: 35.788 Thread 0x00000272765ee7c0 Thread exited: 0x00000272765ee7c0
Event: 36.511 Thread 0x000002722e806bb0 Thread added: 0x00000272773e6a90
Event: 37.168 Thread 0x00000272773e6a90 Thread exited: 0x00000272773e6a90
Event: 37.703 Thread 0x000002722e806bb0 Thread added: 0x0000027275b78440
Event: 40.290 Thread 0x0000027275b78440 Thread exited: 0x0000027275b78440
Event: 40.447 Thread 0x000002722e806bb0 Thread added: 0x0000027275b78440
Event: 41.396 Thread 0x0000027275b78440 Thread exited: 0x0000027275b78440
Event: 41.417 Thread 0x000002722e806bb0 Thread added: 0x0000027275b78440
Event: 41.658 Thread 0x0000027275b78440 Thread exited: 0x0000027275b78440
Event: 41.957 Thread 0x000002722e806bb0 Thread added: 0x000002722ece2fe0


Dynamic libraries:
0x00007ff66b240000 - 0x00007ff66b24a000 	C:\Users\mezan\.jdks\jbr-17.0.14\bin\java.exe
0x00007ff978330000 - 0x00007ff978528000 	C:\WINDOWS\SYSTEM32\ntdll.dll
0x00007ff976790000 - 0x00007ff976852000 	C:\WINDOWS\System32\KERNEL32.DLL
0x00007ff9759f0000 - 0x00007ff975ce6000 	C:\WINDOWS\System32\KERNELBASE.dll
0x00007ff975dd0000 - 0x00007ff975ed0000 	C:\WINDOWS\System32\ucrtbase.dll
0x00007ff958cc0000 - 0x00007ff958cd7000 	C:\Users\mezan\.jdks\jbr-17.0.14\bin\jli.dll
0x00007ff9765e0000 - 0x00007ff976781000 	C:\WINDOWS\System32\USER32.dll
0x00007ff975da0000 - 0x00007ff975dc2000 	C:\WINDOWS\System32\win32u.dll
0x00007ff977440000 - 0x00007ff97746b000 	C:\WINDOWS\System32\GDI32.dll
0x00007ff976080000 - 0x00007ff976199000 	C:\WINDOWS\System32\gdi32full.dll
0x00007ff9761a0000 - 0x00007ff97623d000 	C:\WINDOWS\System32\msvcp_win.dll
0x00007ff959ae0000 - 0x00007ff959afb000 	C:\Users\mezan\.jdks\jbr-17.0.14\bin\VCRUNTIME140.dll
0x00007ff9685c0000 - 0x00007ff96885b000 	C:\WINDOWS\WinSxS\amd64_microsoft.windows.common-controls_6595b64144ccf1df_6.0.19041.6456_none_60b8a6cb71f64256\COMCTL32.dll
0x00007ff977ef0000 - 0x00007ff977f8e000 	C:\WINDOWS\System32\msvcrt.dll
0x00007ff977cd0000 - 0x00007ff977cff000 	C:\WINDOWS\System32\IMM32.DLL
0x00007ff95a2a0000 - 0x00007ff95a2ac000 	C:\Users\mezan\.jdks\jbr-17.0.14\bin\vcruntime140_1.dll
0x00007ff93ef70000 - 0x00007ff93effd000 	C:\Users\mezan\.jdks\jbr-17.0.14\bin\msvcp140.dll
0x00007ff9098d0000 - 0x00007ff90a55e000 	C:\Users\mezan\.jdks\jbr-17.0.14\bin\server\jvm.dll
0x00007ff977270000 - 0x00007ff977321000 	C:\WINDOWS\System32\ADVAPI32.dll
0x00007ff977d00000 - 0x00007ff977d9f000 	C:\WINDOWS\System32\sechost.dll
0x00007ff9775a0000 - 0x00007ff9776c0000 	C:\WINDOWS\System32\RPCRT4.dll
0x00007ff9759c0000 - 0x00007ff9759e7000 	C:\WINDOWS\System32\bcrypt.dll
0x00007ff977da0000 - 0x00007ff977e0b000 	C:\WINDOWS\System32\WS2_32.dll
0x00007ff974f50000 - 0x00007ff974f9b000 	C:\WINDOWS\SYSTEM32\POWRPROF.dll
0x00007ff968a30000 - 0x00007ff968a57000 	C:\WINDOWS\SYSTEM32\WINMM.dll
0x00007ff968870000 - 0x00007ff96887a000 	C:\WINDOWS\SYSTEM32\VERSION.dll
0x00007ff974dc0000 - 0x00007ff974dd2000 	C:\WINDOWS\SYSTEM32\UMPDC.dll
0x00007ff973830000 - 0x00007ff973842000 	C:\WINDOWS\SYSTEM32\kernel.appcore.dll
0x00007ff959f50000 - 0x00007ff959f5a000 	C:\Users\mezan\.jdks\jbr-17.0.14\bin\jimage.dll
0x00007ff968db0000 - 0x00007ff968fb1000 	C:\WINDOWS\SYSTEM32\DBGHELP.DLL
0x00007ff963f40000 - 0x00007ff963f74000 	C:\WINDOWS\SYSTEM32\dbgcore.DLL
0x00007ff976240000 - 0x00007ff9762c2000 	C:\WINDOWS\System32\bcryptPrimitives.dll
0x00007ff9580a0000 - 0x00007ff9580c5000 	C:\Users\mezan\.jdks\jbr-17.0.14\bin\java.dll
0x00007ff910880000 - 0x00007ff910957000 	C:\Users\mezan\.jdks\jbr-17.0.14\bin\jsvml.dll
0x00007ff976860000 - 0x00007ff976fd0000 	C:\WINDOWS\System32\SHELL32.dll
0x00007ff973a30000 - 0x00007ff9741d5000 	C:\WINDOWS\SYSTEM32\windows.storage.dll
0x00007ff977f90000 - 0x00007ff9782e4000 	C:\WINDOWS\System32\combase.dll
0x00007ff9753f0000 - 0x00007ff97541b000 	C:\WINDOWS\SYSTEM32\Wldp.dll
0x00007ff9771a0000 - 0x00007ff97726d000 	C:\WINDOWS\System32\OLEAUT32.dll
0x00007ff9776c0000 - 0x00007ff97776d000 	C:\WINDOWS\System32\SHCORE.dll
0x00007ff977c70000 - 0x00007ff977ccb000 	C:\WINDOWS\System32\shlwapi.dll
0x00007ff9758f0000 - 0x00007ff975914000 	C:\WINDOWS\SYSTEM32\profapi.dll
0x00007ff954ad0000 - 0x00007ff954ae9000 	C:\Users\mezan\.jdks\jbr-17.0.14\bin\net.dll
0x00007ff96ca40000 - 0x00007ff96cb4a000 	C:\WINDOWS\SYSTEM32\WINHTTP.dll
0x00007ff975150000 - 0x00007ff9751ba000 	C:\WINDOWS\system32\mswsock.dll
0x00007ff954a70000 - 0x00007ff954a86000 	C:\Users\mezan\.jdks\jbr-17.0.14\bin\nio.dll
0x00007ff954af0000 - 0x00007ff954b08000 	C:\Users\mezan\.jdks\jbr-17.0.14\bin\zip.dll
0x00007ff959ad0000 - 0x00007ff959ae0000 	C:\Users\mezan\.jdks\jbr-17.0.14\bin\verify.dll

dbghelp: loaded successfully - version: 4.0.5 - missing functions: none
symbol engine: initialized successfully - sym options: 0x614 - pdb path: .;C:\Users\mezan\.jdks\jbr-17.0.14\bin;C:\WINDOWS\SYSTEM32;C:\WINDOWS\WinSxS\amd64_microsoft.windows.common-controls_6595b64144ccf1df_6.0.19041.6456_none_60b8a6cb71f64256;C:\Users\mezan\.jdks\jbr-17.0.14\bin\server

VM Arguments:
java_command: org.jetbrains.kotlin.cli.jvm.K2JVMCompiler @C:\Users\mezan\AndroidStudioProjects\AgroSmart\app\build\20251222_7855093684818059594.compiler.options
java_class_path (initial): C:\Users\mezan\.gradle\caches\modules-2\files-2.1\org.jetbrains.kotlin\kotlin-compiler-embeddable\1.9.10\57ca1b0823ae3ecb451a97e1f8e6de0b19ea5294\kotlin-compiler-embeddable-1.9.10.jar;C:\Users\mezan\.gradle\caches\modules-2\files-2.1\org.jetbrains.kotlin\kotlin-stdlib\1.9.10\72812e8a368917ab5c0a5081b56915ffdfec93b7\kotlin-stdlib-1.9.10.jar;C:\Users\mezan\.gradle\caches\modules-2\files-2.1\org.jetbrains.kotlin\kotlin-script-runtime\1.9.10\398513a8534701579cccaf5953ea914416b4696c\kotlin-script-runtime-1.9.10.jar;C:\Users\mezan\.gradle\caches\modules-2\files-2.1\org.jetbrains.kotlin\kotlin-reflect\1.6.10\1cbe9c92c12a94eea200d23c2bbaedaf3daf5132\kotlin-reflect-1.6.10.jar;C:\Users\mezan\.gradle\caches\modules-2\files-2.1\org.jetbrains.kotlin\kotlin-daemon-embeddable\1.9.10\bda2f7daa6b89d2ded2d9e1e0b0cadaf9446ade1\kotlin-daemon-embeddable-1.9.10.jar;C:\Users\mezan\.gradle\caches\modules-2\files-2.1\org.jetbrains.intellij.deps\trove4j\1.0.20200330\3afb14d5f9ceb459d724e907a21145e8ff394f02\trove4j-1.0.20200330.jar;C:\Users\mezan\.gradle\caches\modules-2\files-2.1\org.jetbrains.kotlin\kotlin-stdlib-common\1.9.10\dafaf2c27f27c09220cee312df10917d9a5d97ce\kotlin-stdlib-common-1.9.10.jar;C:\Users\mezan\.gradle\caches\modules-2\files-2.1\org.jetbrains\annotations\13.0\919f0dfe192fb4e063e7dacadee7f8bb9a2672a9\annotations-13.0.jar
Launcher Type: SUN_STANDARD

[Global flags]
     intx CICompilerCount                          = 3                                         {product} {ergonomic}
     uint ConcGCThreads                            = 1                                         {product} {ergonomic}
     uint G1ConcRefinementThreads                  = 4                                         {product} {ergonomic}
   size_t G1HeapRegionSize                         = 1048576                                   {product} {ergonomic}
    uintx GCDrainStackTargetSize                   = 64                                        {product} {ergonomic}
   size_t InitialHeapSize                          = 134217728                                 {product} {ergonomic}
   size_t MarkStackSize                            = 4194304                                   {product} {ergonomic}
   size_t MaxHeapSize                              = 2118123520                                {product} {ergonomic}
   size_t MaxNewSize                               = 1270874112                                {product} {ergonomic}
   size_t MinHeapDeltaBytes                        = 1048576                                   {product} {ergonomic}
   size_t MinHeapSize                              = 8388608                                   {product} {ergonomic}
    uintx NonNMethodCodeHeapSize                   = 5832780                                {pd product} {ergonomic}
    uintx NonProfiledCodeHeapSize                  = 122912730                              {pd product} {ergonomic}
    uintx ProfiledCodeHeapSize                     = 122912730                              {pd product} {ergonomic}
    uintx ReservedCodeCacheSize                    = 251658240                              {pd product} {ergonomic}
     bool SegmentedCodeCache                       = true                                      {product} {ergonomic}
   size_t SoftMaxHeapSize                          = 2118123520                             {manageable} {ergonomic}
     bool UseCompressedClassPointers               = true                           {product lp64_product} {ergonomic}
     bool UseCompressedOops                        = true                           {product lp64_product} {ergonomic}
     bool UseG1GC                                  = true                                      {product} {ergonomic}
     bool UseLargePagesIndividualAllocation        = false                                  {pd product} {ergonomic}

Logging:
Log output configuration:
 #0: stdout all=warning uptime,level,tags
 #1: stderr all=off uptime,level,tags

Environment Variables:
PATH=C:\Program Files\Common Files\Oracle\Java\javapath;C:\WINDOWS\system32;C:\WINDOWS;C:\WINDOWS\System32\Wbem;C:\WINDOWS\System32\WindowsPowerShell\v1.0\;C:\WINDOWS\System32\OpenSSH\;C:\Program Files\nodejs\;C:\Program Files\Java\jdk-25\bin;D:\Git\cmd;C:\Users\mezan\AppData\Local\Programs\Python\Python311\Scripts\;C:\Users\mezan\AppData\Local\Programs\Python\Python311\;C:\Users\mezan\AppData\Local\Programs\Python\Launcher\;C:\Users\mezan\AppData\Local\Microsoft\WindowsApps;D:\Microsoft VS Code\bin;C:\Users\mezan\AppData\Roaming\npm;C:\Users\mezan\AppData\Local\Programs\Antigravity\bin;C:\Program Files\MongoDB\Server\8.2\bin;C:\Users\mezan\AppData\Local\Microsoft\WindowsApps;D:\Microsoft VS Code\bin;C:\Users\mezan\AppData\Roaming\npm;C:\Users\mezan\AppData\Local\Programs\Antigravity\bin;C:\intelFPGA\17.0\modelsim_ase\win32aloem
USERNAME=70
OS=Windows_NT
PROCESSOR_IDENTIFIER=Intel64 Family 6 Model 58 Stepping 9, GenuineIntel
TMP=C:\Users\mezan\AppData\Local\Temp
TEMP=C:\Users\mezan\AppData\Local\Temp



Periodic native trim disabled

JNI global refs:
JNI global refs: 10, weak refs: 8

JNI global refs memory usage: 843, weak refs: 841

Process memory usage:
Resident Set Size: 436084K (5% of 8266456K total physical memory with 517680K free physical memory)

OOME stack traces (most recent first):
Classloader memory used:
Loader jdk.internal.loader.ClassLoaders$AppClassLoader                                 : 9180K
Loader bootstrap                                                                       : 474K
Loader java.net.URLClassLoader                                                         : 23198B
Loader jdk.internal.reflect.DelegatingClassLoader                                      : 22754B
Loader jdk.internal.loader.ClassLoaders$PlatformClassLoader                            : 2287B


---------------  S Y S T E M  ---------------

OS:
 Windows 10 , 64 bit Build 19041 (10.0.19041.5915)
OS uptime: 0 days 1:23 hours

CPU: total 4 (initial active 4) (2 cores per cpu, 2 threads per core) family 6 model 58 stepping 9 microcode 0x21, cx8, cmov, fxsr, ht, mmx, sse, sse2, sse3, ssse3, sse4.1, sse4.2, popcnt, tsc, tscinvbit, avx, aes, erms, clmul, vzeroupper, clflush
Processor Information for all 4 processors :
  Max Mhz: 2601, Current Mhz: 2601, Mhz Limit: 2601

Memory: 4k page, system-wide physical 8072M (505M free)
TotalPageFile size 11403M (AvailPageFile size 5M)
current process WorkingSet (physical memory assigned to process): 427M, peak: 427M
current process commit charge ("private bytes"): 573M, peak: 574M

vm_info: OpenJDK 64-Bit Server VM (17.0.14+1-b1367.22) for windows-amd64 JRE (17.0.14+1-b1367.22), built on 2025-01-30 by "builduser" with MS VC++ 16.10 / 16.11 (VS2019)

END.
