#
# There is insufficient memory for the Java Runtime Environment to continue.
# Native memory allocation (malloc) failed to allocate 2273056 bytes. Error detail: Chunk::new
# Possible reasons:
#   The system is out of physical RAM or swap space
#   This process is running with CompressedOops enabled, and the Java Heap may be blocking the growth of the native heap
# Possible solutions:
#   Reduce memory load on the system
#   Increase physical memory or swap space
#   Check if swap backing store is full
#   Decrease Java heap size (-Xmx/-Xms)
#   Decrease number of Java threads
#   Decrease Java thread stack sizes (-Xss)
#   Set larger code cache with -XX:ReservedCodeCacheSize=
#   JVM is running with Unscaled Compressed Oops mode in which the Java heap is
#     placed in the first 4GB address space. The Java Heap base address is the
#     maximum limit for the native heap growth. Please use -XX:HeapBaseMinAddress
#     to set the Java Heap base and to place the Java Heap above 4GB virtual address.
# This output file may be truncated or incomplete.
#
#  Out of Memory Error (arena.cpp:191), pid=13776, tid=10040
#
# JRE version: OpenJDK Runtime Environment JBR-17.0.14+1-1367.22-nomod (17.0.14+1) (build 17.0.14+1-b1367.22)
# Java VM: OpenJDK 64-Bit Server VM JBR-17.0.14+1-1367.22-nomod (17.0.14+1-b1367.22, mixed mode, sharing, tiered, compressed oops, compressed class ptrs, g1 gc, windows-amd64)
# No core dump will be written. Minidumps are not enabled by default on client versions of Windows
#

---------------  S U M M A R Y ------------

Command Line: org.jetbrains.kotlin.cli.jvm.K2JVMCompiler @C:\Users\mezan\AndroidStudioProjects\AgroSmart\app\build\20251222_3910286652261411398.compiler.options

Host: Intel(R) Core(TM) i5-3320M CPU @ 2.60GHz, 4 cores, 7G,  Windows 10 , 64 bit Build 19041 (10.0.19041.5915)
Time: Mon Dec 22 10:44:00 2025 Pakistan Standard Time elapsed time: 76.253456 seconds (0d 0h 1m 16s)

---------------  T H R E A D  ---------------

Current thread (0x0000019e46ed4360):  JavaThread "C2 CompilerThread1" daemon [_thread_in_native, id=10040, stack(0x0000000fb5b00000,0x0000000fb5c00000)]


Current CompileTask:
C2:  76253 20623 %     4       org.jetbrains.org.objectweb.asm.ClassReader::readCode @ 71 (5089 bytes)

Stack: [0x0000000fb5b00000,0x0000000fb5c00000]
Native frames: (J=compiled Java code, j=interpreted, Vv=VM code, C=native code)
V  [jvm.dll+0x68b969]


---------------  P R O C E S S  ---------------

Threads class SMR info:
_java_thread_list=0x0000019e4558a040, length=13, elements={
0x0000019e6272fe30, 0x0000019e7bee2940, 0x0000019e7bee36d0, 0x0000019e7bef6ab0,
0x0000019e7befc5a0, 0x0000019e7befee80, 0x0000019e7beff750, 0x0000019e7bf01410,
0x0000019e7bf6c5f0, 0x0000019e7c19d0c0, 0x0000019e7c263de0, 0x0000019e7c267cd0,
0x0000019e46ed4360
}

Java Threads: ( => current thread )
  0x0000019e6272fe30 JavaThread "main" [_thread_blocked, id=9340, stack(0x0000000fb5e00000,0x0000000fb5f00000)]
  0x0000019e7bee2940 JavaThread "Reference Handler" daemon [_thread_blocked, id=1992, stack(0x0000000fb6500000,0x0000000fb6600000)]
  0x0000019e7bee36d0 JavaThread "Finalizer" daemon [_thread_blocked, id=12176, stack(0x0000000fb6600000,0x0000000fb6700000)]
  0x0000019e7bef6ab0 JavaThread "Signal Dispatcher" daemon [_thread_blocked, id=13804, stack(0x0000000fb6700000,0x0000000fb6800000)]
  0x0000019e7befc5a0 JavaThread "Attach Listener" daemon [_thread_blocked, id=5108, stack(0x0000000fb6800000,0x0000000fb6900000)]
  0x0000019e7befee80 JavaThread "Service Thread" daemon [_thread_blocked, id=13772, stack(0x0000000fb6900000,0x0000000fb6a00000)]
  0x0000019e7beff750 JavaThread "Monitor Deflation Thread" daemon [_thread_blocked, id=6908, stack(0x0000000fb6a00000,0x0000000fb6b00000)]
  0x0000019e7bf01410 JavaThread "C2 CompilerThread0" daemon [_thread_in_native, id=6412, stack(0x0000000fb6b00000,0x0000000fb6c00000)]
  0x0000019e7bf6c5f0 JavaThread "C1 CompilerThread0" daemon [_thread_blocked, id=8648, stack(0x0000000fb6c00000,0x0000000fb6d00000)]
  0x0000019e7c19d0c0 JavaThread "Sweeper thread" daemon [_thread_blocked, id=7576, stack(0x0000000fb6d00000,0x0000000fb6e00000)]
  0x0000019e7c263de0 JavaThread "Notification Thread" daemon [_thread_blocked, id=5632, stack(0x0000000fb6e00000,0x0000000fb6f00000)]
  0x0000019e7c267cd0 JavaThread "Common-Cleaner" daemon [_thread_blocked, id=12360, stack(0x0000000fb7000000,0x0000000fb7100000)]
=>0x0000019e46ed4360 JavaThread "C2 CompilerThread1" daemon [_thread_in_native, id=10040, stack(0x0000000fb5b00000,0x0000000fb5c00000)]

Other Threads:
  0x0000019e7bed9380 VMThread "VM Thread" [stack: 0x0000000fb6400000,0x0000000fb6500000] [id=9248]
  0x0000019e7c2666e0 WatcherThread [stack: 0x0000000fb6f00000,0x0000000fb7000000] [id=4872]
  0x0000019e62789280 GCTaskThread "GC Thread#0" [stack: 0x0000000fb5f00000,0x0000000fb6000000] [id=14236]
  0x0000019e7c619620 GCTaskThread "GC Thread#1" [stack: 0x0000000fb7100000,0x0000000fb7200000] [id=14188]
  0x0000019e7c5b99e0 GCTaskThread "GC Thread#2" [stack: 0x0000000fb7200000,0x0000000fb7300000] [id=12392]
  0x0000019e7c5c85d0 GCTaskThread "GC Thread#3" [stack: 0x0000000fb7300000,0x0000000fb7400000] [id=12592]
  0x0000019e62799d60 ConcurrentGCThread "G1 Main Marker" [stack: 0x0000000fb6000000,0x0000000fb6100000] [id=8552]
  0x0000019e6279af70 ConcurrentGCThread "G1 Conc#0" [stack: 0x0000000fb6100000,0x0000000fb6200000] [id=13320]
  0x0000019e627ee1d0 ConcurrentGCThread "G1 Refine#0" [stack: 0x0000000fb6200000,0x0000000fb6300000] [id=7560]
  0x0000019e7dc46fa0 ConcurrentGCThread "G1 Refine#1" [stack: 0x0000000fb7500000,0x0000000fb7600000] [id=13748]
  0x0000019e627eeb10 ConcurrentGCThread "G1 Service" [stack: 0x0000000fb6300000,0x0000000fb6400000] [id=11548]

Threads with active compile tasks:
C2 CompilerThread0    76506 20667       4       org.jetbrains.kotlin.load.kotlin.TypeSignatureMappingKt::mapBuiltInType (339 bytes)
C2 CompilerThread1    76506 20623 %     4       org.jetbrains.org.objectweb.asm.ClassReader::readCode @ 71 (5089 bytes)

VM state: at safepoint (normal execution)

VM Mutex/Monitor currently owned by a thread:  ([mutex/lock_event])
[0x0000019e6272bb60] Threads_lock - owner thread: 0x0000019e7bed9380
[0x0000019e6272d1e0] Heap_lock - owner thread: 0x0000019e62799d60

Heap address: 0x0000000081c00000, size: 2020 MB, Compressed Oops mode: 32-bit

CDS archive(s) mapped at: [0x0000019e00000000-0x0000019e00c00000-0x0000019e00c00000), size 12582912, SharedBaseAddress: 0x0000019e00000000, ArchiveRelocationMode: 1.
Compressed class space mapped at: 0x0000019e01000000-0x0000019e41000000, reserved size: 1073741824
Narrow klass base: 0x0000019e00000000, Narrow klass shift: 0, Narrow klass range: 0x100000000

GC Precious Log:
 CPUs: 4 total, 4 available
 Memory: 8072M
 Large Page Support: Disabled
 NUMA Support: Disabled
 Compressed Oops: Enabled (32-bit)
 Heap Region Size: 1M
 Heap Min Capacity: 8M
 Heap Initial Capacity: 128M
 Heap Max Capacity: 2020M
 Pre-touch: Disabled
 Parallel Workers: 4
 Concurrent Workers: 1
 Concurrent Refinement Workers: 4
 Periodic GC: Disabled

Heap:
 garbage-first heap   total 181248K, used 126576K [0x0000000081c00000, 0x0000000100000000)
  region size 1024K, 8 young (8192K), 3 survivors (3072K)
 Metaspace       used 87725K, committed 88128K, reserved 1179648K
  class space    used 9445K, committed 9664K, reserved 1048576K

Heap Regions: E=young(eden), S=young(survivor), O=old, HS=humongous(starts), HC=humongous(continues), CS=collection set, F=free, OA=open archive, CA=closed archive, TAMS=top-at-mark-start (previous, next)
|   0|0x0000000081c00000, 0x0000000081d00000, 0x0000000081d00000|100%|HS|  |TAMS 0x0000000081d00000, 0x0000000081c00000| Complete 
|   1|0x0000000081d00000, 0x0000000081e00000, 0x0000000081e00000|100%|HC|  |TAMS 0x0000000081e00000, 0x0000000081d00000| Complete 
|   2|0x0000000081e00000, 0x0000000081f00000, 0x0000000081f00000|100%|HC|  |TAMS 0x0000000081f00000, 0x0000000081e00000| Complete 
|   3|0x0000000081f00000, 0x0000000082000000, 0x0000000082000000|100%|HC|  |TAMS 0x0000000082000000, 0x0000000081f00000| Complete 
|   4|0x0000000082000000, 0x0000000082100000, 0x0000000082100000|100%| O|  |TAMS 0x0000000082100000, 0x0000000082000000| Untracked 
|   5|0x0000000082100000, 0x0000000082200000, 0x0000000082200000|100%| O|  |TAMS 0x0000000082200000, 0x0000000082100000| Untracked 
|   6|0x0000000082200000, 0x0000000082300000, 0x0000000082300000|100%| O|  |TAMS 0x0000000082300000, 0x0000000082200000| Updating 
|   7|0x0000000082300000, 0x0000000082400000, 0x0000000082400000|100%| O|  |TAMS 0x0000000082400000, 0x0000000082300000| Untracked 
|   8|0x0000000082400000, 0x0000000082458a00, 0x0000000082500000| 34%| O|  |TAMS 0x0000000082458a00, 0x0000000082400000| Updating 
|   9|0x0000000082500000, 0x0000000082600000, 0x0000000082600000|100%| O|  |TAMS 0x0000000082600000, 0x0000000082500000| Untracked 
|  10|0x0000000082600000, 0x0000000082700000, 0x0000000082700000|100%| O|  |TAMS 0x0000000082700000, 0x0000000082600000| Untracked 
|  11|0x0000000082700000, 0x0000000082800000, 0x0000000082800000|100%| O|  |TAMS 0x0000000082800000, 0x0000000082700000| Untracked 
|  12|0x0000000082800000, 0x0000000082900000, 0x0000000082900000|100%| O|  |TAMS 0x0000000082900000, 0x0000000082800000| Updating 
|  13|0x0000000082900000, 0x0000000082a00000, 0x0000000082a00000|100%| O|  |TAMS 0x0000000082a00000, 0x0000000082900000| Updating 
|  14|0x0000000082a00000, 0x0000000082b00000, 0x0000000082b00000|100%| O|  |TAMS 0x0000000082b00000, 0x0000000082a00000| Untracked 
|  15|0x0000000082b00000, 0x0000000082c00000, 0x0000000082c00000|100%| O|  |TAMS 0x0000000082c00000, 0x0000000082b00000| Updating 
|  16|0x0000000082c00000, 0x0000000082d00000, 0x0000000082d00000|100%|HS|  |TAMS 0x0000000082d00000, 0x0000000082c00000| Complete 
|  17|0x0000000082d00000, 0x0000000082e00000, 0x0000000082e00000|100%|HC|  |TAMS 0x0000000082e00000, 0x0000000082d00000| Complete 
|  18|0x0000000082e00000, 0x0000000082f00000, 0x0000000082f00000|100%| O|  |TAMS 0x0000000082f00000, 0x0000000082e00000| Updating 
|  19|0x0000000082f00000, 0x0000000083000000, 0x0000000083000000|100%| O|  |TAMS 0x0000000083000000, 0x0000000082f00000| Untracked 
|  20|0x0000000083000000, 0x0000000083100000, 0x0000000083100000|100%| O|  |TAMS 0x0000000083100000, 0x0000000083000000| Untracked 
|  21|0x0000000083100000, 0x0000000083200000, 0x0000000083200000|100%| O|  |TAMS 0x0000000083200000, 0x0000000083100000| Untracked 
|  22|0x0000000083200000, 0x0000000083300000, 0x0000000083300000|100%| O|  |TAMS 0x0000000083300000, 0x0000000083200000| Untracked 
|  23|0x0000000083300000, 0x0000000083400000, 0x0000000083400000|100%| O|  |TAMS 0x0000000083400000, 0x0000000083300000| Untracked 
|  24|0x0000000083400000, 0x0000000083500000, 0x0000000083500000|100%| O|  |TAMS 0x0000000083500000, 0x0000000083400000| Updating 
|  25|0x0000000083500000, 0x0000000083600000, 0x0000000083600000|100%| O|  |TAMS 0x0000000083600000, 0x0000000083500000| Updating 
|  26|0x0000000083600000, 0x0000000083700000, 0x0000000083700000|100%| O|  |TAMS 0x0000000083700000, 0x0000000083600000| Updating 
|  27|0x0000000083700000, 0x0000000083800000, 0x0000000083800000|100%| O|  |TAMS 0x0000000083800000, 0x0000000083700000| Untracked 
|  28|0x0000000083800000, 0x0000000083900000, 0x0000000083900000|100%| O|  |TAMS 0x0000000083900000, 0x0000000083800000| Untracked 
|  29|0x0000000083900000, 0x0000000083a00000, 0x0000000083a00000|100%| O|  |TAMS 0x0000000083a00000, 0x0000000083900000| Updating 
|  30|0x0000000083a00000, 0x0000000083b00000, 0x0000000083b00000|100%| O|  |TAMS 0x0000000083b00000, 0x0000000083a00000| Untracked 
|  31|0x0000000083b00000, 0x0000000083c00000, 0x0000000083c00000|100%| O|  |TAMS 0x0000000083c00000, 0x0000000083b00000| Updating 
|  32|0x0000000083c00000, 0x0000000083d00000, 0x0000000083d00000|100%| O|  |TAMS 0x0000000083d00000, 0x0000000083c00000| Updating 
|  33|0x0000000083d00000, 0x0000000083e00000, 0x0000000083e00000|100%| O|  |TAMS 0x0000000083e00000, 0x0000000083d00000| Untracked 
|  34|0x0000000083e00000, 0x0000000083f00000, 0x0000000083f00000|100%| O|  |TAMS 0x0000000083f00000, 0x0000000083e00000| Untracked 
|  35|0x0000000083f00000, 0x0000000084000000, 0x0000000084000000|100%| O|  |TAMS 0x0000000084000000, 0x0000000083f00000| Untracked 
|  36|0x0000000084000000, 0x0000000084100000, 0x0000000084100000|100%| O|  |TAMS 0x0000000084100000, 0x0000000084000000| Untracked 
|  37|0x0000000084100000, 0x0000000084200000, 0x0000000084200000|100%| O|  |TAMS 0x0000000084200000, 0x0000000084100000| Untracked 
|  38|0x0000000084200000, 0x0000000084300000, 0x0000000084300000|100%| O|  |TAMS 0x0000000084300000, 0x0000000084200000| Untracked 
|  39|0x0000000084300000, 0x0000000084400000, 0x0000000084400000|100%| O|  |TAMS 0x0000000084400000, 0x0000000084300000| Updating 
|  40|0x0000000084400000, 0x0000000084500000, 0x0000000084500000|100%| O|  |TAMS 0x0000000084500000, 0x0000000084400000| Untracked 
|  41|0x0000000084500000, 0x0000000084600000, 0x0000000084600000|100%| O|  |TAMS 0x0000000084600000, 0x0000000084500000| Updating 
|  42|0x0000000084600000, 0x0000000084700000, 0x0000000084700000|100%| O|  |TAMS 0x0000000084700000, 0x0000000084600000| Updating 
|  43|0x0000000084700000, 0x0000000084800000, 0x0000000084800000|100%| O|  |TAMS 0x0000000084800000, 0x0000000084700000| Untracked 
|  44|0x0000000084800000, 0x0000000084900000, 0x0000000084900000|100%| O|  |TAMS 0x0000000084900000, 0x0000000084800000| Untracked 
|  45|0x0000000084900000, 0x0000000084a00000, 0x0000000084a00000|100%| O|  |TAMS 0x0000000084a00000, 0x0000000084900000| Untracked 
|  46|0x0000000084a00000, 0x0000000084b00000, 0x0000000084b00000|100%| O|  |TAMS 0x0000000084b00000, 0x0000000084a00000| Updating 
|  47|0x0000000084b00000, 0x0000000084b80000, 0x0000000084c00000| 50%| O|  |TAMS 0x0000000084b80000, 0x0000000084b00000| Updating 
|  48|0x0000000084c00000, 0x0000000084d00000, 0x0000000084d00000|100%| O|  |TAMS 0x0000000084d00000, 0x0000000084c00000| Updating 
|  49|0x0000000084d00000, 0x0000000084e00000, 0x0000000084e00000|100%| O|  |TAMS 0x0000000084e00000, 0x0000000084d00000| Untracked 
|  50|0x0000000084e00000, 0x0000000084f00000, 0x0000000084f00000|100%| O|  |TAMS 0x0000000084f00000, 0x0000000084e00000| Untracked 
|  51|0x0000000084f00000, 0x0000000085000000, 0x0000000085000000|100%| O|  |TAMS 0x0000000085000000, 0x0000000084f00000| Untracked 
|  52|0x0000000085000000, 0x0000000085100000, 0x0000000085100000|100%| O|  |TAMS 0x0000000085100000, 0x0000000085000000| Untracked 
|  53|0x0000000085100000, 0x0000000085200000, 0x0000000085200000|100%| O|  |TAMS 0x0000000085200000, 0x0000000085100000| Untracked 
|  54|0x0000000085200000, 0x0000000085300000, 0x0000000085300000|100%| O|  |TAMS 0x0000000085300000, 0x0000000085200000| Untracked 
|  55|0x0000000085300000, 0x0000000085400000, 0x0000000085400000|100%| O|  |TAMS 0x0000000085400000, 0x0000000085300000| Untracked 
|  56|0x0000000085400000, 0x0000000085500000, 0x0000000085500000|100%| O|  |TAMS 0x0000000085500000, 0x0000000085400000| Untracked 
|  57|0x0000000085500000, 0x0000000085600000, 0x0000000085600000|100%| O|  |TAMS 0x0000000085600000, 0x0000000085500000| Untracked 
|  58|0x0000000085600000, 0x0000000085700000, 0x0000000085700000|100%| O|  |TAMS 0x0000000085700000, 0x0000000085600000| Untracked 
|  59|0x0000000085700000, 0x0000000085800000, 0x0000000085800000|100%| O|  |TAMS 0x0000000085800000, 0x0000000085700000| Updating 
|  60|0x0000000085800000, 0x0000000085800000, 0x0000000085900000|  0%| F|  |TAMS 0x0000000085800000, 0x0000000085800000| Untracked 
|  61|0x0000000085900000, 0x0000000085900000, 0x0000000085a00000|  0%| F|  |TAMS 0x0000000085900000, 0x0000000085900000| Untracked 
|  62|0x0000000085a00000, 0x0000000085b00000, 0x0000000085b00000|100%| O|  |TAMS 0x0000000085b00000, 0x0000000085a00000| Untracked 
|  63|0x0000000085b00000, 0x0000000085c00000, 0x0000000085c00000|100%| O|  |TAMS 0x0000000085c00000, 0x0000000085b00000| Updating 
|  64|0x0000000085c00000, 0x0000000085d00000, 0x0000000085d00000|100%| O|  |TAMS 0x0000000085d00000, 0x0000000085c00000| Updating 
|  65|0x0000000085d00000, 0x0000000085e00000, 0x0000000085e00000|100%| O|  |TAMS 0x0000000085e00000, 0x0000000085d00000| Updating 
|  66|0x0000000085e00000, 0x0000000085f00000, 0x0000000085f00000|100%| O|  |TAMS 0x0000000085f00000, 0x0000000085e00000| Untracked 
|  67|0x0000000085f00000, 0x0000000086000000, 0x0000000086000000|100%| O|  |TAMS 0x0000000086000000, 0x0000000085f00000| Updating 
|  68|0x0000000086000000, 0x0000000086100000, 0x0000000086100000|100%| O|  |TAMS 0x0000000086100000, 0x0000000086000000| Untracked 
|  69|0x0000000086100000, 0x0000000086200000, 0x0000000086200000|100%| O|  |TAMS 0x0000000086200000, 0x0000000086100000| Updating 
|  70|0x0000000086200000, 0x0000000086300000, 0x0000000086300000|100%| O|  |TAMS 0x0000000086300000, 0x0000000086200000| Updating 
|  71|0x0000000086300000, 0x0000000086400000, 0x0000000086400000|100%| O|  |TAMS 0x0000000086400000, 0x0000000086300000| Updating 
|  72|0x0000000086400000, 0x0000000086500000, 0x0000000086500000|100%| O|  |TAMS 0x0000000086500000, 0x0000000086400000| Updating 
|  73|0x0000000086500000, 0x0000000086600000, 0x0000000086600000|100%| O|  |TAMS 0x0000000086600000, 0x0000000086500000| Updating 
|  74|0x0000000086600000, 0x0000000086700000, 0x0000000086700000|100%| O|  |TAMS 0x0000000086700000, 0x0000000086600000| Updating 
|  75|0x0000000086700000, 0x0000000086800000, 0x0000000086800000|100%| O|  |TAMS 0x0000000086800000, 0x0000000086700000| Untracked 
|  76|0x0000000086800000, 0x0000000086900000, 0x0000000086900000|100%| O|  |TAMS 0x0000000086900000, 0x0000000086800000| Untracked 
|  77|0x0000000086900000, 0x0000000086a00000, 0x0000000086a00000|100%| O|  |TAMS 0x0000000086a00000, 0x0000000086900000| Untracked 
|  78|0x0000000086a00000, 0x0000000086b00000, 0x0000000086b00000|100%| O|  |TAMS 0x0000000086b00000, 0x0000000086a00000| Untracked 
|  79|0x0000000086b00000, 0x0000000086c00000, 0x0000000086c00000|100%| O|  |TAMS 0x0000000086c00000, 0x0000000086b00000| Updating 
|  80|0x0000000086c00000, 0x0000000086d00000, 0x0000000086d00000|100%| O|  |TAMS 0x0000000086d00000, 0x0000000086c00000| Updating 
|  81|0x0000000086d00000, 0x0000000086e00000, 0x0000000086e00000|100%| O|  |TAMS 0x0000000086e00000, 0x0000000086d00000| Updating 
|  82|0x0000000086e00000, 0x0000000086f00000, 0x0000000086f00000|100%| O|  |TAMS 0x0000000086f00000, 0x0000000086e00000| Updating 
|  83|0x0000000086f00000, 0x0000000087000000, 0x0000000087000000|100%| O|  |TAMS 0x0000000087000000, 0x0000000086f00000| Untracked 
|  84|0x0000000087000000, 0x0000000087100000, 0x0000000087100000|100%| O|  |TAMS 0x0000000087100000, 0x0000000087000000| Untracked 
|  85|0x0000000087100000, 0x0000000087200000, 0x0000000087200000|100%| O|  |TAMS 0x0000000087200000, 0x0000000087100000| Updating 
|  86|0x0000000087200000, 0x0000000087300000, 0x0000000087300000|100%| O|  |TAMS 0x0000000087300000, 0x0000000087200000| Updating 
|  87|0x0000000087300000, 0x0000000087400000, 0x0000000087400000|100%| O|  |TAMS 0x0000000087400000, 0x0000000087300000| Updating 
|  88|0x0000000087400000, 0x0000000087500000, 0x0000000087500000|100%| O|  |TAMS 0x0000000087500000, 0x0000000087400000| Updating 
|  89|0x0000000087500000, 0x0000000087600000, 0x0000000087600000|100%| O|  |TAMS 0x0000000087600000, 0x0000000087500000| Untracked 
|  90|0x0000000087600000, 0x0000000087700000, 0x0000000087700000|100%| O|  |TAMS 0x0000000087700000, 0x0000000087600000| Untracked 
|  91|0x0000000087700000, 0x0000000087800000, 0x0000000087800000|100%| O|  |TAMS 0x0000000087800000, 0x0000000087700000| Untracked 
|  92|0x0000000087800000, 0x0000000087900000, 0x0000000087900000|100%| O|  |TAMS 0x0000000087900000, 0x0000000087800000| Updating 
|  93|0x0000000087900000, 0x0000000087a00000, 0x0000000087a00000|100%| O|  |TAMS 0x0000000087a00000, 0x0000000087900000| Updating 
|  94|0x0000000087a00000, 0x0000000087b00000, 0x0000000087b00000|100%| O|  |TAMS 0x0000000087b00000, 0x0000000087a00000| Untracked 
|  95|0x0000000087b00000, 0x0000000087c00000, 0x0000000087c00000|100%| O|  |TAMS 0x0000000087c00000, 0x0000000087b00000| Updating 
|  96|0x0000000087c00000, 0x0000000087d00000, 0x0000000087d00000|100%| O|  |TAMS 0x0000000087d00000, 0x0000000087c00000| Updating 
|  97|0x0000000087d00000, 0x0000000087e00000, 0x0000000087e00000|100%| O|  |TAMS 0x0000000087e00000, 0x0000000087d00000| Updating 
|  98|0x0000000087e00000, 0x0000000087f00000, 0x0000000087f00000|100%| O|  |TAMS 0x0000000087f00000, 0x0000000087e00000| Updating 
|  99|0x0000000087f00000, 0x0000000088000000, 0x0000000088000000|100%| O|  |TAMS 0x0000000088000000, 0x0000000087f00000| Updating 
| 100|0x0000000088000000, 0x0000000088100000, 0x0000000088100000|100%| O|  |TAMS 0x0000000088100000, 0x0000000088000000| Untracked 
| 101|0x0000000088100000, 0x0000000088200000, 0x0000000088200000|100%| O|  |TAMS 0x0000000088200000, 0x0000000088100000| Untracked 
| 102|0x0000000088200000, 0x0000000088300000, 0x0000000088300000|100%| O|  |TAMS 0x0000000088300000, 0x0000000088200000| Updating 
| 103|0x0000000088300000, 0x0000000088400000, 0x0000000088400000|100%| O|  |TAMS 0x0000000088400000, 0x0000000088300000| Untracked 
| 104|0x0000000088400000, 0x0000000088500000, 0x0000000088500000|100%| O|  |TAMS 0x0000000088500000, 0x0000000088400000| Untracked 
| 105|0x0000000088500000, 0x0000000088600000, 0x0000000088600000|100%| O|  |TAMS 0x0000000088600000, 0x0000000088500000| Updating 
| 106|0x0000000088600000, 0x0000000088700000, 0x0000000088700000|100%| O|  |TAMS 0x0000000088700000, 0x0000000088600000| Untracked 
| 107|0x0000000088700000, 0x0000000088800000, 0x0000000088800000|100%| O|  |TAMS 0x0000000088800000, 0x0000000088700000| Untracked 
| 108|0x0000000088800000, 0x0000000088900000, 0x0000000088900000|100%| O|  |TAMS 0x0000000088900000, 0x0000000088800000| Untracked 
| 109|0x0000000088900000, 0x0000000088a00000, 0x0000000088a00000|100%| O|  |TAMS 0x0000000088a00000, 0x0000000088900000| Untracked 
| 110|0x0000000088a00000, 0x0000000088b00000, 0x0000000088b00000|100%| O|  |TAMS 0x0000000088b00000, 0x0000000088a00000| Untracked 
| 111|0x0000000088b00000, 0x0000000088c00000, 0x0000000088c00000|100%| O|  |TAMS 0x0000000088c00000, 0x0000000088b00000| Updating 
| 112|0x0000000088c00000, 0x0000000088d00000, 0x0000000088d00000|100%| O|  |TAMS 0x0000000088d00000, 0x0000000088c00000| Untracked 
| 113|0x0000000088d00000, 0x0000000088e00000, 0x0000000088e00000|100%| O|  |TAMS 0x0000000088e00000, 0x0000000088d00000| Untracked 
| 114|0x0000000088e00000, 0x0000000088f00000, 0x0000000088f00000|100%| O|  |TAMS 0x0000000088f00000, 0x0000000088e00000| Untracked 
| 115|0x0000000088f00000, 0x0000000089000000, 0x0000000089000000|100%| O|  |TAMS 0x0000000089000000, 0x0000000088f00000| Untracked 
| 116|0x0000000089000000, 0x0000000089100000, 0x0000000089100000|100%| O|  |TAMS 0x0000000089100000, 0x0000000089000000| Untracked 
| 117|0x0000000089100000, 0x0000000089200000, 0x0000000089200000|100%| O|  |TAMS 0x0000000089200000, 0x0000000089100000| Untracked 
| 118|0x0000000089200000, 0x0000000089300000, 0x0000000089300000|100%| O|  |TAMS 0x0000000089300000, 0x0000000089200000| Updating 
| 119|0x0000000089300000, 0x0000000089300000, 0x0000000089400000|  0%| F|  |TAMS 0x0000000089300000, 0x0000000089300000| Untracked 
| 120|0x0000000089400000, 0x0000000089400000, 0x0000000089500000|  0%| F|  |TAMS 0x0000000089400000, 0x0000000089400000| Untracked 
| 121|0x0000000089500000, 0x0000000089500000, 0x0000000089600000|  0%| F|  |TAMS 0x0000000089500000, 0x0000000089500000| Untracked 
| 122|0x0000000089600000, 0x0000000089600000, 0x0000000089700000|  0%| F|  |TAMS 0x0000000089600000, 0x0000000089600000| Untracked 
| 123|0x0000000089700000, 0x0000000089700000, 0x0000000089800000|  0%| F|  |TAMS 0x0000000089700000, 0x0000000089700000| Untracked 
| 124|0x0000000089800000, 0x0000000089800000, 0x0000000089900000|  0%| F|  |TAMS 0x0000000089800000, 0x0000000089800000| Untracked 
| 125|0x0000000089900000, 0x0000000089900000, 0x0000000089a00000|  0%| F|  |TAMS 0x0000000089900000, 0x0000000089900000| Untracked 
| 126|0x0000000089a00000, 0x0000000089a00000, 0x0000000089b00000|  0%| F|  |TAMS 0x0000000089a00000, 0x0000000089a00000| Untracked 
| 127|0x0000000089b00000, 0x0000000089b00000, 0x0000000089c00000|  0%| F|  |TAMS 0x0000000089b00000, 0x0000000089b00000| Untracked 
| 128|0x0000000089c00000, 0x0000000089c00000, 0x0000000089d00000|  0%| F|  |TAMS 0x0000000089c00000, 0x0000000089c00000| Untracked 
| 129|0x0000000089d00000, 0x0000000089d00000, 0x0000000089e00000|  0%| F|  |TAMS 0x0000000089d00000, 0x0000000089d00000| Untracked 
| 130|0x0000000089e00000, 0x0000000089e00000, 0x0000000089f00000|  0%| F|  |TAMS 0x0000000089e00000, 0x0000000089e00000| Untracked 
| 131|0x0000000089f00000, 0x0000000089f00000, 0x000000008a000000|  0%| F|  |TAMS 0x0000000089f00000, 0x0000000089f00000| Untracked 
| 132|0x000000008a000000, 0x000000008a000000, 0x000000008a100000|  0%| F|  |TAMS 0x000000008a000000, 0x000000008a000000| Untracked 
| 133|0x000000008a100000, 0x000000008a100000, 0x000000008a200000|  0%| F|  |TAMS 0x000000008a100000, 0x000000008a100000| Untracked 
| 134|0x000000008a200000, 0x000000008a200000, 0x000000008a300000|  0%| F|  |TAMS 0x000000008a200000, 0x000000008a200000| Untracked 
| 135|0x000000008a300000, 0x000000008a300000, 0x000000008a400000|  0%| F|  |TAMS 0x000000008a300000, 0x000000008a300000| Untracked 
| 136|0x000000008a400000, 0x000000008a400000, 0x000000008a500000|  0%| F|  |TAMS 0x000000008a400000, 0x000000008a400000| Untracked 
| 137|0x000000008a500000, 0x000000008a500000, 0x000000008a600000|  0%| F|  |TAMS 0x000000008a500000, 0x000000008a500000| Untracked 
| 138|0x000000008a600000, 0x000000008a600000, 0x000000008a700000|  0%| F|  |TAMS 0x000000008a600000, 0x000000008a600000| Untracked 
| 139|0x000000008a700000, 0x000000008a700000, 0x000000008a800000|  0%| F|  |TAMS 0x000000008a700000, 0x000000008a700000| Untracked 
| 140|0x000000008a800000, 0x000000008a800000, 0x000000008a900000|  0%| F|  |TAMS 0x000000008a800000, 0x000000008a800000| Untracked 
| 141|0x000000008a900000, 0x000000008a900000, 0x000000008aa00000|  0%| F|  |TAMS 0x000000008a900000, 0x000000008a900000| Untracked 
| 142|0x000000008aa00000, 0x000000008aa00000, 0x000000008ab00000|  0%| F|  |TAMS 0x000000008aa00000, 0x000000008aa00000| Untracked 
| 143|0x000000008ab00000, 0x000000008ab00000, 0x000000008ac00000|  0%| F|  |TAMS 0x000000008ab00000, 0x000000008ab00000| Untracked 
| 144|0x000000008ac00000, 0x000000008ac00000, 0x000000008ad00000|  0%| F|  |TAMS 0x000000008ac00000, 0x000000008ac00000| Untracked 
| 145|0x000000008ad00000, 0x000000008ad00000, 0x000000008ae00000|  0%| F|  |TAMS 0x000000008ad00000, 0x000000008ad00000| Untracked 
| 146|0x000000008ae00000, 0x000000008ae00000, 0x000000008af00000|  0%| F|  |TAMS 0x000000008ae00000, 0x000000008ae00000| Untracked 
| 147|0x000000008af00000, 0x000000008af00000, 0x000000008b000000|  0%| F|  |TAMS 0x000000008af00000, 0x000000008af00000| Untracked 
| 148|0x000000008b000000, 0x000000008b000000, 0x000000008b100000|  0%| F|  |TAMS 0x000000008b000000, 0x000000008b000000| Untracked 
| 149|0x000000008b100000, 0x000000008b100000, 0x000000008b200000|  0%| F|  |TAMS 0x000000008b100000, 0x000000008b100000| Untracked 
| 150|0x000000008b200000, 0x000000008b200000, 0x000000008b300000|  0%| F|  |TAMS 0x000000008b200000, 0x000000008b200000| Untracked 
| 151|0x000000008b300000, 0x000000008b300000, 0x000000008b400000|  0%| F|  |TAMS 0x000000008b300000, 0x000000008b300000| Untracked 
| 152|0x000000008b400000, 0x000000008b400000, 0x000000008b500000|  0%| F|  |TAMS 0x000000008b400000, 0x000000008b400000| Untracked 
| 153|0x000000008b500000, 0x000000008b500000, 0x000000008b600000|  0%| F|  |TAMS 0x000000008b500000, 0x000000008b500000| Untracked 
| 154|0x000000008b600000, 0x000000008b600000, 0x000000008b700000|  0%| F|  |TAMS 0x000000008b600000, 0x000000008b600000| Untracked 
| 155|0x000000008b700000, 0x000000008b700000, 0x000000008b800000|  0%| F|  |TAMS 0x000000008b700000, 0x000000008b700000| Untracked 
| 156|0x000000008b800000, 0x000000008b800000, 0x000000008b900000|  0%| F|  |TAMS 0x000000008b800000, 0x000000008b800000| Untracked 
| 157|0x000000008b900000, 0x000000008b900000, 0x000000008ba00000|  0%| F|  |TAMS 0x000000008b900000, 0x000000008b900000| Untracked 
| 158|0x000000008ba00000, 0x000000008bac3640, 0x000000008bb00000| 76%| S|CS|TAMS 0x000000008ba00000, 0x000000008ba00000| Complete 
| 159|0x000000008bb00000, 0x000000008bc00000, 0x000000008bc00000|100%| S|CS|TAMS 0x000000008bb00000, 0x000000008bb00000| Complete 
| 160|0x000000008bc00000, 0x000000008bd00000, 0x000000008bd00000|100%| S|CS|TAMS 0x000000008bc00000, 0x000000008bc00000| Complete 
| 161|0x000000008bd00000, 0x000000008bd00000, 0x000000008be00000|  0%| F|  |TAMS 0x000000008bd00000, 0x000000008bd00000| Untracked 
| 162|0x000000008be00000, 0x000000008be00000, 0x000000008bf00000|  0%| F|  |TAMS 0x000000008be00000, 0x000000008be00000| Untracked 
| 163|0x000000008bf00000, 0x000000008bf00000, 0x000000008c000000|  0%| F|  |TAMS 0x000000008bf00000, 0x000000008bf00000| Untracked 
| 164|0x000000008c000000, 0x000000008c000000, 0x000000008c100000|  0%| F|  |TAMS 0x000000008c000000, 0x000000008c000000| Untracked 
| 165|0x000000008c100000, 0x000000008c100000, 0x000000008c200000|  0%| F|  |TAMS 0x000000008c100000, 0x000000008c100000| Untracked 
| 166|0x000000008c200000, 0x000000008c200000, 0x000000008c300000|  0%| F|  |TAMS 0x000000008c200000, 0x000000008c200000| Untracked 
| 167|0x000000008c300000, 0x000000008c300000, 0x000000008c400000|  0%| F|  |TAMS 0x000000008c300000, 0x000000008c300000| Untracked 
| 168|0x000000008c400000, 0x000000008c400000, 0x000000008c500000|  0%| F|  |TAMS 0x000000008c400000, 0x000000008c400000| Untracked 
| 169|0x000000008c500000, 0x000000008c500000, 0x000000008c600000|  0%| F|  |TAMS 0x000000008c500000, 0x000000008c500000| Untracked 
| 170|0x000000008c600000, 0x000000008c600000, 0x000000008c700000|  0%| F|  |TAMS 0x000000008c600000, 0x000000008c600000| Untracked 
| 171|0x000000008c700000, 0x000000008c780a58, 0x000000008c800000| 50%| E|  |TAMS 0x000000008c700000, 0x000000008c700000| Complete 
| 172|0x000000008c800000, 0x000000008c900000, 0x000000008c900000|100%| E|CS|TAMS 0x000000008c800000, 0x000000008c800000| Complete 
| 173|0x000000008c900000, 0x000000008ca00000, 0x000000008ca00000|100%| E|CS|TAMS 0x000000008c900000, 0x000000008c900000| Complete 
| 174|0x000000008ca00000, 0x000000008cb00000, 0x000000008cb00000|100%| E|CS|TAMS 0x000000008ca00000, 0x000000008ca00000| Complete 
| 182|0x000000008d200000, 0x000000008d300000, 0x000000008d300000|100%| E|CS|TAMS 0x000000008d200000, 0x000000008d200000| Complete 
|2019|0x00000000fff00000, 0x0000000100000000, 0x0000000100000000|100%| O|  |TAMS 0x0000000100000000, 0x00000000fff00000| Untracked 

Card table byte_map: [0x0000019e75320000,0x0000019e75720000] _byte_map_base: 0x0000019e74f12000

Marking Bits (Prev, Next): (CMBitMap*) 0x0000019e627897b0, (CMBitMap*) 0x0000019e627897f0
 Prev Bits: [0x0000019e75b20000, 0x0000019e77ab0000)
 Next Bits: [0x0000019e77ab0000, 0x0000019e79a40000)

Polling page: 0x0000019e605e0000

Metaspace:

Usage:
  Non-class:     76.45 MB used.
      Class:      9.22 MB used.
       Both:     85.67 MB used.

Virtual space:
  Non-class space:      128.00 MB reserved,      76.62 MB ( 60%) committed,  2 nodes.
      Class space:        1.00 GB reserved,       9.44 MB ( <1%) committed,  1 nodes.
             Both:        1.12 GB reserved,      86.06 MB (  7%) committed. 

Chunk freelists:
   Non-Class:  2.72 MB
       Class:  6.42 MB
        Both:  9.14 MB

MaxMetaspaceSize: unlimited
CompressedClassSpaceSize: 1.00 GB
Initial GC threshold: 21.00 MB
Current GC threshold: 86.19 MB
CDS: on
MetaspaceReclaimPolicy: balanced
 - commit_granule_bytes: 65536.
 - commit_granule_words: 8192.
 - virtual_space_node_default_size: 8388608.
 - enlarge_chunks_in_place: 1.
 - new_chunks_are_fully_committed: 0.
 - uncommit_free_chunks: 1.
 - use_allocation_guard: 0.
 - handle_deallocations: 1.


Internal statistics:

num_allocs_failed_limit: 18.
num_arena_births: 402.
num_arena_deaths: 0.
num_vsnodes_births: 3.
num_vsnodes_deaths: 0.
num_space_committed: 1375.
num_space_uncommitted: 0.
num_chunks_returned_to_freelist: 18.
num_chunks_taken_from_freelist: 3541.
num_chunk_merges: 18.
num_chunk_splits: 2911.
num_chunks_enlarged: 2566.
num_inconsistent_stats: 0.

CodeHeap 'non-profiled nmethods': size=120000Kb used=11122Kb max_used=11292Kb free=108877Kb
 bounds [0x0000019e6d9f0000, 0x0000019e6e500000, 0x0000019e74f20000]
CodeHeap 'profiled nmethods': size=120000Kb used=51993Kb max_used=52619Kb free=68006Kb
 bounds [0x0000019e65f20000, 0x0000019e692a0000, 0x0000019e6d450000]
CodeHeap 'non-nmethods': size=5760Kb used=1413Kb max_used=1454Kb free=4346Kb
 bounds [0x0000019e6d450000, 0x0000019e6d6c0000, 0x0000019e6d9f0000]
 total_blobs=17033 nmethods=16294 adapters=646
 compilation: enabled
              stopped_count=0, restarted_count=0
 full_count=0

Compilation events (20 events):
Event: 76.055 Thread 0x0000019e7bf6c5f0 nmethod 20657 0x0000019e6e3aa390 code [0x0000019e6e3aa520, 0x0000019e6e3aa5f8]
Event: 76.056 Thread 0x0000019e7bf6c5f0 20658       3       org.jetbrains.org.objectweb.asm.tree.analysis.SourceInterpreter::merge (13 bytes)
Event: 76.056 Thread 0x0000019e7bf6c5f0 nmethod 20658 0x0000019e674fff90 code [0x0000019e67500140, 0x0000019e675004e8]
Event: 76.056 Thread 0x0000019e7bf6c5f0 20659       3       org.jetbrains.org.objectweb.asm.tree.analysis.SmallSet::union (210 bytes)
Event: 76.057 Thread 0x0000019e7bf6c5f0 nmethod 20659 0x0000019e68b1f110 code [0x0000019e68b1f400, 0x0000019e68b207e8]
Event: 76.057 Thread 0x0000019e7bf6c5f0 20660       3       org.jetbrains.org.objectweb.asm.tree.analysis.SourceValue::equals (47 bytes)
Event: 76.058 Thread 0x0000019e7bf6c5f0 nmethod 20660 0x0000019e6783e890 code [0x0000019e6783ea60, 0x0000019e6783ef28]
Event: 76.058 Thread 0x0000019e7bf6c5f0 20661       1       org.jetbrains.org.objectweb.asm.tree.JumpInsnNode::getType (3 bytes)
Event: 76.058 Thread 0x0000019e7bf6c5f0 nmethod 20661 0x0000019e6e3aa090 code [0x0000019e6e3aa220, 0x0000019e6e3aa2f8]
Event: 76.059 Thread 0x0000019e7bf6c5f0 20662       3       org.jetbrains.kotlin.codegen.inline.MaxStackFrameSizeAndLocalsCalculator::visitMethodInsn (59 bytes)
Event: 76.059 Thread 0x0000019e7bf6c5f0 nmethod 20662 0x0000019e678c3110 code [0x0000019e678c32e0, 0x0000019e678c35f8]
Event: 76.060 Thread 0x0000019e7bf6c5f0 20663       3       org.jetbrains.kotlin.codegen.inline.MaxStackFrameSizeAndLocalsCalculator$LabelWrapper::access$702 (7 bytes)
Event: 76.060 Thread 0x0000019e7bf6c5f0 nmethod 20663 0x0000019e67314890 code [0x0000019e67314a20, 0x0000019e67314b18]
Event: 76.060 Thread 0x0000019e7bf6c5f0 20664       3       org.jetbrains.org.objectweb.asm.MethodVisitor::visitTypeInsn (17 bytes)
Event: 76.060 Thread 0x0000019e7bf6c5f0 nmethod 20664 0x0000019e674ffb10 code [0x0000019e674ffcc0, 0x0000019e674ffec8]
Event: 76.061 Thread 0x0000019e7bf6c5f0 20665       3       org.jetbrains.org.objectweb.asm.Frame::execute (2318 bytes)
Event: 76.067 Thread 0x0000019e7bf6c5f0 nmethod 20665 0x0000019e679c3390 code [0x0000019e679c42c0, 0x0000019e679ca9d8]
Event: 76.069 Thread 0x0000019e7bf01410 20666       4       org.jetbrains.kotlin.ir.util.IrUtilsKt::isFromJava (62 bytes)
Event: 76.074 Thread 0x0000019e7bf01410 nmethod 20666 0x0000019e6df41c90 code [0x0000019e6df41e60, 0x0000019e6df42228]
Event: 76.078 Thread 0x0000019e7bf01410 20667       4       org.jetbrains.kotlin.load.kotlin.TypeSignatureMappingKt::mapBuiltInType (339 bytes)

GC Heap History (20 events):
Event: 59.721 GC heap before
{Heap before GC invocations=26 (full 0):
 garbage-first heap   total 181248K, used 146543K [0x0000000081c00000, 0x0000000100000000)
  region size 1024K, 50 young (51200K), 5 survivors (5120K)
 Metaspace       used 67546K, committed 67776K, reserved 1114112K
  class space    used 7644K, committed 7744K, reserved 1048576K
}
Event: 59.736 GC heap after
{Heap after GC invocations=27 (full 0):
 garbage-first heap   total 181248K, used 102134K [0x0000000081c00000, 0x0000000100000000)
  region size 1024K, 2 young (2048K), 2 survivors (2048K)
 Metaspace       used 67546K, committed 67776K, reserved 1114112K
  class space    used 7644K, committed 7744K, reserved 1048576K
}
Event: 64.045 GC heap before
{Heap before GC invocations=27 (full 0):
 garbage-first heap   total 181248K, used 148214K [0x0000000081c00000, 0x0000000100000000)
  region size 1024K, 47 young (48128K), 2 survivors (2048K)
 Metaspace       used 71585K, committed 71936K, reserved 1114112K
  class space    used 8005K, committed 8128K, reserved 1048576K
}
Event: 64.065 GC heap after
{Heap after GC invocations=28 (full 0):
 garbage-first heap   total 181248K, used 107786K [0x0000000081c00000, 0x0000000100000000)
  region size 1024K, 6 young (6144K), 6 survivors (6144K)
 Metaspace       used 71585K, committed 71936K, reserved 1114112K
  class space    used 8005K, committed 8128K, reserved 1048576K
}
Event: 66.677 GC heap before
{Heap before GC invocations=28 (full 0):
 garbage-first heap   total 181248K, used 148746K [0x0000000081c00000, 0x0000000100000000)
  region size 1024K, 46 young (47104K), 6 survivors (6144K)
 Metaspace       used 74518K, committed 74816K, reserved 1179648K
  class space    used 8333K, committed 8448K, reserved 1048576K
}
Event: 66.700 GC heap after
{Heap after GC invocations=29 (full 0):
 garbage-first heap   total 181248K, used 114012K [0x0000000081c00000, 0x0000000100000000)
  region size 1024K, 6 young (6144K), 6 survivors (6144K)
 Metaspace       used 74518K, committed 74816K, reserved 1179648K
  class space    used 8333K, committed 8448K, reserved 1048576K
}
Event: 69.113 GC heap before
{Heap before GC invocations=29 (full 0):
 garbage-first heap   total 181248K, used 148828K [0x0000000081c00000, 0x0000000100000000)
  region size 1024K, 40 young (40960K), 6 survivors (6144K)
 Metaspace       used 80824K, committed 81152K, reserved 1179648K
  class space    used 8949K, committed 9088K, reserved 1048576K
}
Event: 69.130 GC heap after
{Heap after GC invocations=30 (full 0):
 garbage-first heap   total 181248K, used 115854K [0x0000000081c00000, 0x0000000100000000)
  region size 1024K, 2 young (2048K), 2 survivors (2048K)
 Metaspace       used 80824K, committed 81152K, reserved 1179648K
  class space    used 8949K, committed 9088K, reserved 1048576K
}
Event: 72.108 GC heap before
{Heap before GC invocations=30 (full 0):
 garbage-first heap   total 181248K, used 150670K [0x0000000081c00000, 0x0000000100000000)
  region size 1024K, 36 young (36864K), 2 survivors (2048K)
 Metaspace       used 83128K, committed 83456K, reserved 1179648K
  class space    used 9087K, committed 9216K, reserved 1048576K
}
Event: 72.124 GC heap after
{Heap after GC invocations=31 (full 0):
 garbage-first heap   total 181248K, used 117174K [0x0000000081c00000, 0x0000000100000000)
  region size 1024K, 3 young (3072K), 3 survivors (3072K)
 Metaspace       used 83128K, committed 83456K, reserved 1179648K
  class space    used 9087K, committed 9216K, reserved 1048576K
}
Event: 72.901 GC heap before
{Heap before GC invocations=31 (full 0):
 garbage-first heap   total 181248K, used 151990K [0x0000000081c00000, 0x0000000100000000)
  region size 1024K, 37 young (37888K), 3 survivors (3072K)
 Metaspace       used 83453K, committed 83776K, reserved 1179648K
  class space    used 9103K, committed 9216K, reserved 1048576K
}
Event: 72.924 GC heap after
{Heap after GC invocations=32 (full 0):
 garbage-first heap   total 181248K, used 121590K [0x0000000081c00000, 0x0000000100000000)
  region size 1024K, 5 young (5120K), 5 survivors (5120K)
 Metaspace       used 83453K, committed 83776K, reserved 1179648K
  class space    used 9103K, committed 9216K, reserved 1048576K
}
Event: 73.646 GC heap before
{Heap before GC invocations=32 (full 0):
 garbage-first heap   total 181248K, used 151286K [0x0000000081c00000, 0x0000000100000000)
  region size 1024K, 34 young (34816K), 5 survivors (5120K)
 Metaspace       used 83612K, committed 83904K, reserved 1179648K
  class space    used 9103K, committed 9216K, reserved 1048576K
}
Event: 73.656 GC heap after
{Heap after GC invocations=33 (full 0):
 garbage-first heap   total 181248K, used 122947K [0x0000000081c00000, 0x0000000100000000)
  region size 1024K, 2 young (2048K), 2 survivors (2048K)
 Metaspace       used 83612K, committed 83904K, reserved 1179648K
  class space    used 9103K, committed 9216K, reserved 1048576K
}
Event: 74.078 GC heap before
{Heap before GC invocations=33 (full 0):
 garbage-first heap   total 181248K, used 152643K [0x0000000081c00000, 0x0000000100000000)
  region size 1024K, 31 young (31744K), 2 survivors (2048K)
 Metaspace       used 83818K, committed 84096K, reserved 1179648K
  class space    used 9116K, committed 9216K, reserved 1048576K
}
Event: 74.087 GC heap after
{Heap after GC invocations=34 (full 0):
 garbage-first heap   total 181248K, used 123126K [0x0000000081c00000, 0x0000000100000000)
  region size 1024K, 2 young (2048K), 2 survivors (2048K)
 Metaspace       used 83818K, committed 84096K, reserved 1179648K
  class space    used 9116K, committed 9216K, reserved 1048576K
}
Event: 74.961 GC heap before
{Heap before GC invocations=34 (full 0):
 garbage-first heap   total 181248K, used 153846K [0x0000000081c00000, 0x0000000100000000)
  region size 1024K, 32 young (32768K), 2 survivors (2048K)
 Metaspace       used 84005K, committed 84352K, reserved 1179648K
  class space    used 9125K, committed 9280K, reserved 1048576K
}
Event: 74.969 GC heap after
{Heap after GC invocations=35 (full 0):
 garbage-first heap   total 181248K, used 124018K [0x0000000081c00000, 0x0000000100000000)
  region size 1024K, 3 young (3072K), 3 survivors (3072K)
 Metaspace       used 84005K, committed 84352K, reserved 1179648K
  class space    used 9125K, committed 9280K, reserved 1048576K
}
Event: 75.847 GC heap before
{Heap before GC invocations=35 (full 0):
 garbage-first heap   total 181248K, used 138354K [0x0000000081c00000, 0x0000000100000000)
  region size 1024K, 18 young (18432K), 3 survivors (3072K)
 Metaspace       used 86661K, committed 86976K, reserved 1179648K
  class space    used 9360K, committed 9536K, reserved 1048576K
}
Event: 75.858 GC heap after
{Heap after GC invocations=36 (full 0):
 garbage-first heap   total 181248K, used 124528K [0x0000000081c00000, 0x0000000100000000)
  region size 1024K, 3 young (3072K), 3 survivors (3072K)
 Metaspace       used 86661K, committed 86976K, reserved 1179648K
  class space    used 9360K, committed 9536K, reserved 1048576K
}

Dll operation events (3 events):
Event: 0.011 Loaded shared library C:\Users\mezan\.jdks\jbr-17.0.14\bin\java.dll
Event: 0.040 Loaded shared library C:\Users\mezan\.jdks\jbr-17.0.14\bin\jsvml.dll
Event: 4.816 Loaded shared library C:\Users\mezan\.jdks\jbr-17.0.14\bin\verify.dll

Deoptimization events (20 events):
Event: 75.935 Thread 0x0000019e6272fe30 Uncommon trap: trap_request=0xffffffde fr.pc=0x0000019e6dd502dc relative=0x000000000000029c
Event: 75.935 Thread 0x0000019e6272fe30 Uncommon trap: reason=class_check action=maybe_recompile pc=0x0000019e6dd502dc method=org.jetbrains.kotlin.utils.ThreadLocalDelegate.getValue(Ljava/lang/Object;Lkotlin/reflect/KProperty;)Ljava/lang/Object; @ 42 c2
Event: 75.935 Thread 0x0000019e6272fe30 DEOPT PACKING pc=0x0000019e6dd502dc sp=0x0000000fb5efd2f0
Event: 75.935 Thread 0x0000019e6272fe30 DEOPT UNPACKING pc=0x0000019e6d4a69a3 sp=0x0000000fb5efd280 mode 2
Event: 75.958 Thread 0x0000019e6272fe30 Uncommon trap: trap_request=0xffffff45 fr.pc=0x0000019e6dfae8b4 relative=0x0000000000000574
Event: 75.958 Thread 0x0000019e6272fe30 Uncommon trap: reason=unstable_if action=reinterpret pc=0x0000019e6dfae8b4 method=java.lang.String.valueOf(Ljava/lang/Object;)Ljava/lang/String; @ 1 c2
Event: 75.958 Thread 0x0000019e6272fe30 DEOPT PACKING pc=0x0000019e6dfae8b4 sp=0x0000000fb5efcf20
Event: 75.958 Thread 0x0000019e6272fe30 DEOPT UNPACKING pc=0x0000019e6d4a69a3 sp=0x0000000fb5efceb8 mode 2
Event: 75.994 Thread 0x0000019e6272fe30 Uncommon trap: trap_request=0xffffff45 fr.pc=0x0000019e6df2345c relative=0x000000000000005c
Event: 75.994 Thread 0x0000019e6272fe30 Uncommon trap: reason=unstable_if action=reinterpret pc=0x0000019e6df2345c method=org.jetbrains.org.objectweb.asm.AnnotationVisitor.visitEnd()V @ 4 c2
Event: 75.994 Thread 0x0000019e6272fe30 DEOPT PACKING pc=0x0000019e6df2345c sp=0x0000000fb5efcf00
Event: 75.994 Thread 0x0000019e6272fe30 DEOPT UNPACKING pc=0x0000019e6d4a69a3 sp=0x0000000fb5efcea0 mode 2
Event: 76.019 Thread 0x0000019e6272fe30 Uncommon trap: trap_request=0xffffffde fr.pc=0x0000019e6db00dfc relative=0x000000000000005c
Event: 76.019 Thread 0x0000019e6272fe30 Uncommon trap: reason=class_check action=maybe_recompile pc=0x0000019e6db00dfc method=org.jetbrains.kotlin.ir.types.IrTypesKt.getClassOrNull(Lorg/jetbrains/kotlin/ir/types/IrType;)Lorg/jetbrains/kotlin/ir/symbols/IrClassSymbol; @ 12 c2
Event: 76.019 Thread 0x0000019e6272fe30 DEOPT PACKING pc=0x0000019e6db00dfc sp=0x0000000fb5efbf40
Event: 76.019 Thread 0x0000019e6272fe30 DEOPT UNPACKING pc=0x0000019e6d4a69a3 sp=0x0000000fb5efbed0 mode 2
Event: 76.020 Thread 0x0000019e6272fe30 Uncommon trap: trap_request=0xffffffde fr.pc=0x0000019e6db00dfc relative=0x000000000000005c
Event: 76.020 Thread 0x0000019e6272fe30 Uncommon trap: reason=class_check action=maybe_recompile pc=0x0000019e6db00dfc method=org.jetbrains.kotlin.ir.types.IrTypesKt.getClassOrNull(Lorg/jetbrains/kotlin/ir/types/IrType;)Lorg/jetbrains/kotlin/ir/symbols/IrClassSymbol; @ 12 c2
Event: 76.020 Thread 0x0000019e6272fe30 DEOPT PACKING pc=0x0000019e6db00dfc sp=0x0000000fb5efb990
Event: 76.020 Thread 0x0000019e6272fe30 DEOPT UNPACKING pc=0x0000019e6d4a69a3 sp=0x0000000fb5efb920 mode 2

Classes loaded (20 events):
Event: 49.339 Loading class java/util/regex/Pattern$Bound
Event: 49.340 Loading class java/util/regex/Pattern$Bound done
Event: 49.340 Loading class java/util/regex/Pattern$LookBehindEndNode
Event: 49.341 Loading class java/util/regex/Pattern$LookBehindEndNode done
Event: 49.341 Loading class java/util/regex/Pattern$NotBehind
Event: 49.341 Loading class java/util/regex/Pattern$NotBehind done
Event: 59.478 Loading class java/text/MessageFormat
Event: 59.479 Loading class java/text/MessageFormat done
Event: 59.488 Loading class jdk/internal/reflect/UnsafeBooleanFieldAccessorImpl
Event: 59.488 Loading class jdk/internal/reflect/UnsafeBooleanFieldAccessorImpl done
Event: 59.488 Loading class jdk/internal/reflect/UnsafeQualifiedObjectFieldAccessorImpl
Event: 59.489 Loading class jdk/internal/reflect/UnsafeQualifiedFieldAccessorImpl
Event: 59.489 Loading class jdk/internal/reflect/UnsafeQualifiedFieldAccessorImpl done
Event: 59.489 Loading class jdk/internal/reflect/UnsafeQualifiedObjectFieldAccessorImpl done
Event: 59.528 Loading class java/text/ChoiceFormat
Event: 59.529 Loading class java/text/ChoiceFormat done
Event: 59.561 Loading class java/text/MessageFormat$Field
Event: 59.561 Loading class java/text/MessageFormat$Field done
Event: 75.541 Loading class java/util/Vector$Itr
Event: 75.542 Loading class java/util/Vector$Itr done

Classes unloaded (0 events):
No events

Classes redefined (0 events):
No events

Internal exceptions (20 events):
Event: 29.459 Thread 0x0000019e6272fe30 Exception <a 'java/lang/IncompatibleClassChangeError'{0x00000000894a5a30}: Found class java.lang.Object, but interface was expected> (0x00000000894a5a30) 
thrown [s\src\hotspot\share\interpreter\linkResolver.cpp, line 838]
Event: 30.937 Thread 0x0000019e6272fe30 Implicit null exception at 0x0000019e6de143bc to 0x0000019e6de15464
Event: 36.579 Thread 0x0000019e6272fe30 Exception <a 'java/lang/NoSuchMethodError'{0x00000000899730e8}: 'java.lang.Object java.lang.invoke.DirectMethodHandle$Holder.newInvokeSpecial(java.lang.Object, int, java.lang.Object, java.lang.Object)'> (0x00000000899730e8) 
thrown [s\src\hotspot\share\interpreter\linkResolver.cpp, line 771]
Event: 36.580 Thread 0x0000019e6272fe30 Exception <a 'java/lang/NoSuchMethodError'{0x0000000089977ae0}: 'java.lang.Object java.lang.invoke.DirectMethodHandle$Holder.invokeSpecial(java.lang.Object, java.lang.Object, int, java.lang.Object, java.lang.Object)'> (0x0000000089977ae0) 
thrown [s\src\hotspot\share\interpreter\linkResolver.cpp, line 771]
Event: 38.070 Thread 0x0000019e6272fe30 Implicit null exception at 0x0000019e6db8c2b3 to 0x0000019e6db8c41c
Event: 38.183 Thread 0x0000019e6272fe30 Implicit null exception at 0x0000019e6de365f5 to 0x0000019e6de36fe4
Event: 39.870 Thread 0x0000019e6272fe30 Implicit null exception at 0x0000019e6df17751 to 0x0000019e6df180a8
Event: 58.406 Thread 0x0000019e6272fe30 Implicit null exception at 0x0000019e6dd97607 to 0x0000019e6dd97b18
Event: 58.410 Thread 0x0000019e6272fe30 Implicit null exception at 0x0000019e6ddc185a to 0x0000019e6ddc1d70
Event: 58.412 Thread 0x0000019e6272fe30 Implicit null exception at 0x0000019e6db88fdc to 0x0000019e6db89530
Event: 59.521 Thread 0x0000019e6272fe30 Exception <a 'java/lang/NoSuchMethodError'{0x000000008a546728}: 'java.lang.Object java.lang.invoke.DirectMethodHandle$Holder.invokeStaticInit(java.lang.Object, java.lang.Object, java.lang.Object, java.lang.Object)'> (0x000000008a546728) 
thrown [s\src\hotspot\share\interpreter\linkResolver.cpp, line 771]
Event: 59.881 Thread 0x0000019e6272fe30 Exception <a 'java/lang/NoSuchMethodError'{0x000000008c5471a0}: 'java.lang.Object java.lang.invoke.DirectMethodHandle$Holder.newInvokeSpecial(java.lang.Object, java.lang.Object, java.lang.Object, int, int)'> (0x000000008c5471a0) 
thrown [s\src\hotspot\share\interpreter\linkResolver.cpp, line 771]
Event: 59.881 Thread 0x0000019e6272fe30 Exception <a 'java/lang/NoSuchMethodError'{0x000000008c54afe0}: 'java.lang.Object java.lang.invoke.DirectMethodHandle$Holder.invokeSpecial(java.lang.Object, java.lang.Object, java.lang.Object, java.lang.Object, int, int)'> (0x000000008c54afe0) 
thrown [s\src\hotspot\share\interpreter\linkResolver.cpp, line 771]
Event: 59.964 Thread 0x0000019e6272fe30 Exception <a 'java/lang/NoSuchMethodError'{0x000000008c349670}: 'java.lang.Object java.lang.invoke.DirectMethodHandle$Holder.invokeSpecial(java.lang.Object, java.lang.Object, int, int, java.lang.Object, java.lang.Object, java.lang.Object, java.lang.Object, java.lang.Object)'> (0x000000008c349670) 
thrown [s\src\hotspot\share\interpreter\linkResolver.cpp, line 771]
Event: 60.467 Thread 0x0000019e6272fe30 Implicit null exception at 0x0000019e6da5d390 to 0x0000019e6da5d64c
Event: 65.282 Thread 0x0000019e6272fe30 Exception <a 'java/lang/NoSuchMethodError'{0x000000008b3b5420}: 'java.lang.Object java.lang.invoke.DirectMethodHandle$Holder.invokeStatic(java.lang.Object, java.lang.Object, java.lang.Object, int, int, java.lang.Object, java.lang.Object, java.lang.Object, java.lang.Object)'> (0x000000008b3b5420) 
thrown [s\src\hotspot\share\interpreter\linkResolver.cpp, line 771]
Event: 65.283 Thread 0x0000019e6272fe30 Exception <a 'java/lang/NoSuchMethodError'{0x000000008b3bf6e8}: 'java.lang.Object java.lang.invoke.DirectMethodHandle$Holder.newInvokeSpecial(java.lang.Object, java.lang.Object, java.lang.Object, int, int, java.lang.Object)'> (0x000000008b3bf6e8) 
thrown [s\src\hotspot\share\interpreter\linkResolver.cpp, line 771]
Event: 65.284 Thread 0x0000019e6272fe30 Exception <a 'java/lang/NoSuchMethodError'{0x000000008b3c7088}: 'java.lang.Object java.lang.invoke.Invokers$Holder.linkToTargetMethod(java.lang.Object, java.lang.Object, int, int, java.lang.Object, java.lang.Object)'> (0x000000008b3c7088) 
thrown [s\src\hotspot\share\interpreter\linkResolver.cpp, line 771]
Event: 69.144 Thread 0x0000019e6272fe30 Implicit null exception at 0x0000019e6e0b57d3 to 0x0000019e6e0b5cac
Event: 72.602 Thread 0x0000019e6272fe30 Implicit null exception at 0x0000019e6dc1fdc8 to 0x0000019e6dc1fef4

VM Operations (20 events):
Event: 75.369 Executing VM operation: HandshakeAllThreads
Event: 75.369 Executing VM operation: HandshakeAllThreads done
Event: 75.379 Executing VM operation: HandshakeAllThreads
Event: 75.379 Executing VM operation: HandshakeAllThreads done
Event: 75.382 Executing VM operation: HandshakeAllThreads
Event: 75.382 Executing VM operation: HandshakeAllThreads done
Event: 75.640 Executing VM operation: ICBufferFull
Event: 75.640 Executing VM operation: ICBufferFull done
Event: 75.729 Executing VM operation: HandshakeAllThreads
Event: 75.729 Executing VM operation: HandshakeAllThreads done
Event: 75.803 Executing VM operation: HandshakeAllThreads
Event: 75.803 Executing VM operation: HandshakeAllThreads done
Event: 75.847 Executing VM operation: CollectForMetadataAllocation
Event: 75.858 Executing VM operation: CollectForMetadataAllocation done
Event: 75.937 Executing VM operation: CollectForMetadataAllocation
Event: 75.937 Executing VM operation: CollectForMetadataAllocation done
Event: 75.969 Executing VM operation: CollectForMetadataAllocation
Event: 75.969 Executing VM operation: CollectForMetadataAllocation done
Event: 76.008 Executing VM operation: CollectForMetadataAllocation
Event: 76.008 Executing VM operation: CollectForMetadataAllocation done

Memory protections (0 events):
No events

Nmethod flushes (20 events):
Event: 75.775 Thread 0x0000019e7c19d0c0 flushing  nmethod 0x0000019e6899d810
Event: 75.775 Thread 0x0000019e7c19d0c0 flushing  nmethod 0x0000019e689a1010
Event: 75.775 Thread 0x0000019e7c19d0c0 flushing  nmethod 0x0000019e689aa310
Event: 75.775 Thread 0x0000019e7c19d0c0 flushing  nmethod 0x0000019e689abd10
Event: 75.775 Thread 0x0000019e7c19d0c0 flushing  nmethod 0x0000019e689ae110
Event: 75.775 Thread 0x0000019e7c19d0c0 flushing  nmethod 0x0000019e689bba90
Event: 75.775 Thread 0x0000019e7c19d0c0 flushing  nmethod 0x0000019e689bfb90
Event: 75.775 Thread 0x0000019e7c19d0c0 flushing  nmethod 0x0000019e689c0990
Event: 75.775 Thread 0x0000019e7c19d0c0 flushing  nmethod 0x0000019e689c6090
Event: 75.775 Thread 0x0000019e7c19d0c0 flushing  nmethod 0x0000019e689ceb10
Event: 75.775 Thread 0x0000019e7c19d0c0 flushing  nmethod 0x0000019e689d0490
Event: 75.775 Thread 0x0000019e7c19d0c0 flushing  nmethod 0x0000019e689d1d90
Event: 75.775 Thread 0x0000019e7c19d0c0 flushing  nmethod 0x0000019e689ee110
Event: 75.775 Thread 0x0000019e7c19d0c0 flushing  nmethod 0x0000019e689ef910
Event: 75.775 Thread 0x0000019e7c19d0c0 flushing  nmethod 0x0000019e689f4a90
Event: 75.775 Thread 0x0000019e7c19d0c0 flushing  nmethod 0x0000019e689fbc10
Event: 75.776 Thread 0x0000019e7c19d0c0 flushing  nmethod 0x0000019e68b1f110
Event: 75.777 Thread 0x0000019e7c19d0c0 flushing  nmethod 0x0000019e68c70b10
Event: 75.777 Thread 0x0000019e7c19d0c0 flushing  nmethod 0x0000019e68d18310
Event: 75.778 Thread 0x0000019e7c19d0c0 flushing  nmethod 0x0000019e68d64e90

Events (20 events):
Event: 0.306 Thread 0x0000019e6272fe30 Thread added: 0x0000019e7c267cd0
Event: 0.313 Loaded shared library C:\Users\mezan\.jdks\jbr-17.0.14\bin\net.dll
Event: 0.328 Loaded shared library C:\Users\mezan\.jdks\jbr-17.0.14\bin\nio.dll
Event: 0.662 Loaded shared library C:\Users\mezan\.jdks\jbr-17.0.14\bin\zip.dll
Event: 0.849 Loaded shared library C:\Users\mezan\.jdks\jbr-17.0.14\bin\jimage.dll
Event: 2.116 Thread 0x0000019e7bf6c5f0 Thread added: 0x0000019e7c6a7850
Event: 3.487 Thread 0x0000019e7c6a7850 Thread exited: 0x0000019e7c6a7850
Event: 4.139 Thread 0x0000019e7bf6c5f0 Thread added: 0x0000019e7d17d1b0
Event: 4.412 Thread 0x0000019e7d17d1b0 Thread exited: 0x0000019e7d17d1b0
Event: 5.461 Thread 0x0000019e7bf01410 Thread added: 0x0000019e7d7ab270
Event: 6.531 Thread 0x0000019e7d7ab270 Thread exited: 0x0000019e7d7ab270
Event: 7.650 Thread 0x0000019e7bf6c5f0 Thread added: 0x0000019e7d4e2250
Event: 8.770 Thread 0x0000019e7d4e2250 Thread exited: 0x0000019e7d4e2250
Event: 9.071 Thread 0x0000019e7bf6c5f0 Thread added: 0x0000019e7e667ed0
Event: 66.257 Thread 0x0000019e7e667ed0 Thread exited: 0x0000019e7e667ed0
Event: 66.259 Thread 0x0000019e7bf6c5f0 Thread added: 0x0000019e7dc24b90
Event: 69.067 Thread 0x0000019e7dc24b90 Thread exited: 0x0000019e7dc24b90
Event: 69.201 Thread 0x0000019e7bf6c5f0 Thread added: 0x0000019e462a75c0
Event: 70.141 Thread 0x0000019e462a75c0 Thread exited: 0x0000019e462a75c0
Event: 70.410 Thread 0x0000019e7bf6c5f0 Thread added: 0x0000019e46ed4360


Dynamic libraries:
0x00007ff66b240000 - 0x00007ff66b24a000 	C:\Users\mezan\.jdks\jbr-17.0.14\bin\java.exe
0x00007ff978330000 - 0x00007ff978528000 	C:\WINDOWS\SYSTEM32\ntdll.dll
0x00007ff976790000 - 0x00007ff976852000 	C:\WINDOWS\System32\KERNEL32.DLL
0x00007ff9759f0000 - 0x00007ff975ce6000 	C:\WINDOWS\System32\KERNELBASE.dll
0x00007ff958cc0000 - 0x00007ff958cd7000 	C:\Users\mezan\.jdks\jbr-17.0.14\bin\jli.dll
0x00007ff959ae0000 - 0x00007ff959afb000 	C:\Users\mezan\.jdks\jbr-17.0.14\bin\VCRUNTIME140.dll
0x00007ff975dd0000 - 0x00007ff975ed0000 	C:\WINDOWS\System32\ucrtbase.dll
0x00007ff9765e0000 - 0x00007ff976781000 	C:\WINDOWS\System32\USER32.dll
0x00007ff975da0000 - 0x00007ff975dc2000 	C:\WINDOWS\System32\win32u.dll
0x00007ff977440000 - 0x00007ff97746b000 	C:\WINDOWS\System32\GDI32.dll
0x00007ff976080000 - 0x00007ff976199000 	C:\WINDOWS\System32\gdi32full.dll
0x00007ff9685c0000 - 0x00007ff96885b000 	C:\WINDOWS\WinSxS\amd64_microsoft.windows.common-controls_6595b64144ccf1df_6.0.19041.6456_none_60b8a6cb71f64256\COMCTL32.dll
0x00007ff9761a0000 - 0x00007ff97623d000 	C:\WINDOWS\System32\msvcp_win.dll
0x00007ff977ef0000 - 0x00007ff977f8e000 	C:\WINDOWS\System32\msvcrt.dll
0x00007ff977cd0000 - 0x00007ff977cff000 	C:\WINDOWS\System32\IMM32.DLL
0x00007ff95a2a0000 - 0x00007ff95a2ac000 	C:\Users\mezan\.jdks\jbr-17.0.14\bin\vcruntime140_1.dll
0x00007ff93ef70000 - 0x00007ff93effd000 	C:\Users\mezan\.jdks\jbr-17.0.14\bin\msvcp140.dll
0x00007ff9098d0000 - 0x00007ff90a55e000 	C:\Users\mezan\.jdks\jbr-17.0.14\bin\server\jvm.dll
0x00007ff977270000 - 0x00007ff977321000 	C:\WINDOWS\System32\ADVAPI32.dll
0x00007ff977d00000 - 0x00007ff977d9f000 	C:\WINDOWS\System32\sechost.dll
0x00007ff9775a0000 - 0x00007ff9776c0000 	C:\WINDOWS\System32\RPCRT4.dll
0x00007ff9759c0000 - 0x00007ff9759e7000 	C:\WINDOWS\System32\bcrypt.dll
0x00007ff977da0000 - 0x00007ff977e0b000 	C:\WINDOWS\System32\WS2_32.dll
0x00007ff974f50000 - 0x00007ff974f9b000 	C:\WINDOWS\SYSTEM32\POWRPROF.dll
0x00007ff968a30000 - 0x00007ff968a57000 	C:\WINDOWS\SYSTEM32\WINMM.dll
0x00007ff968870000 - 0x00007ff96887a000 	C:\WINDOWS\SYSTEM32\VERSION.dll
0x00007ff974dc0000 - 0x00007ff974dd2000 	C:\WINDOWS\SYSTEM32\UMPDC.dll
0x00007ff973830000 - 0x00007ff973842000 	C:\WINDOWS\SYSTEM32\kernel.appcore.dll
0x00007ff959f50000 - 0x00007ff959f5a000 	C:\Users\mezan\.jdks\jbr-17.0.14\bin\jimage.dll
0x00007ff968db0000 - 0x00007ff968fb1000 	C:\WINDOWS\SYSTEM32\DBGHELP.DLL
0x00007ff963f40000 - 0x00007ff963f74000 	C:\WINDOWS\SYSTEM32\dbgcore.DLL
0x00007ff976240000 - 0x00007ff9762c2000 	C:\WINDOWS\System32\bcryptPrimitives.dll
0x00007ff9580a0000 - 0x00007ff9580c5000 	C:\Users\mezan\.jdks\jbr-17.0.14\bin\java.dll
0x00007ff910880000 - 0x00007ff910957000 	C:\Users\mezan\.jdks\jbr-17.0.14\bin\jsvml.dll
0x00007ff976860000 - 0x00007ff976fd0000 	C:\WINDOWS\System32\SHELL32.dll
0x00007ff973a30000 - 0x00007ff9741d5000 	C:\WINDOWS\SYSTEM32\windows.storage.dll
0x00007ff977f90000 - 0x00007ff9782e4000 	C:\WINDOWS\System32\combase.dll
0x00007ff9753f0000 - 0x00007ff97541b000 	C:\WINDOWS\SYSTEM32\Wldp.dll
0x00007ff9771a0000 - 0x00007ff97726d000 	C:\WINDOWS\System32\OLEAUT32.dll
0x00007ff9776c0000 - 0x00007ff97776d000 	C:\WINDOWS\System32\SHCORE.dll
0x00007ff977c70000 - 0x00007ff977ccb000 	C:\WINDOWS\System32\shlwapi.dll
0x00007ff9758f0000 - 0x00007ff975914000 	C:\WINDOWS\SYSTEM32\profapi.dll
0x00007ff954ad0000 - 0x00007ff954ae9000 	C:\Users\mezan\.jdks\jbr-17.0.14\bin\net.dll
0x00007ff96ca40000 - 0x00007ff96cb4a000 	C:\WINDOWS\SYSTEM32\WINHTTP.dll
0x00007ff975150000 - 0x00007ff9751ba000 	C:\WINDOWS\system32\mswsock.dll
0x00007ff954a70000 - 0x00007ff954a86000 	C:\Users\mezan\.jdks\jbr-17.0.14\bin\nio.dll
0x00007ff954af0000 - 0x00007ff954b08000 	C:\Users\mezan\.jdks\jbr-17.0.14\bin\zip.dll
0x00007ff959ad0000 - 0x00007ff959ae0000 	C:\Users\mezan\.jdks\jbr-17.0.14\bin\verify.dll

dbghelp: loaded successfully - version: 4.0.5 - missing functions: none
symbol engine: initialized successfully - sym options: 0x614 - pdb path: .;C:\Users\mezan\.jdks\jbr-17.0.14\bin;C:\WINDOWS\SYSTEM32;C:\WINDOWS\WinSxS\amd64_microsoft.windows.common-controls_6595b64144ccf1df_6.0.19041.6456_none_60b8a6cb71f64256;C:\Users\mezan\.jdks\jbr-17.0.14\bin\server

VM Arguments:
java_command: org.jetbrains.kotlin.cli.jvm.K2JVMCompiler @C:\Users\mezan\AndroidStudioProjects\AgroSmart\app\build\20251222_3910286652261411398.compiler.options
java_class_path (initial): C:\Users\mezan\.gradle\caches\modules-2\files-2.1\org.jetbrains.kotlin\kotlin-compiler-embeddable\1.9.10\57ca1b0823ae3ecb451a97e1f8e6de0b19ea5294\kotlin-compiler-embeddable-1.9.10.jar;C:\Users\mezan\.gradle\caches\modules-2\files-2.1\org.jetbrains.kotlin\kotlin-stdlib\1.9.10\72812e8a368917ab5c0a5081b56915ffdfec93b7\kotlin-stdlib-1.9.10.jar;C:\Users\mezan\.gradle\caches\modules-2\files-2.1\org.jetbrains.kotlin\kotlin-script-runtime\1.9.10\398513a8534701579cccaf5953ea914416b4696c\kotlin-script-runtime-1.9.10.jar;C:\Users\mezan\.gradle\caches\modules-2\files-2.1\org.jetbrains.kotlin\kotlin-reflect\1.6.10\1cbe9c92c12a94eea200d23c2bbaedaf3daf5132\kotlin-reflect-1.6.10.jar;C:\Users\mezan\.gradle\caches\modules-2\files-2.1\org.jetbrains.kotlin\kotlin-daemon-embeddable\1.9.10\bda2f7daa6b89d2ded2d9e1e0b0cadaf9446ade1\kotlin-daemon-embeddable-1.9.10.jar;C:\Users\mezan\.gradle\caches\modules-2\files-2.1\org.jetbrains.intellij.deps\trove4j\1.0.20200330\3afb14d5f9ceb459d724e907a21145e8ff394f02\trove4j-1.0.20200330.jar;C:\Users\mezan\.gradle\caches\modules-2\files-2.1\org.jetbrains.kotlin\kotlin-stdlib-common\1.9.10\dafaf2c27f27c09220cee312df10917d9a5d97ce\kotlin-stdlib-common-1.9.10.jar;C:\Users\mezan\.gradle\caches\modules-2\files-2.1\org.jetbrains\annotations\13.0\919f0dfe192fb4e063e7dacadee7f8bb9a2672a9\annotations-13.0.jar
Launcher Type: SUN_STANDARD

[Global flags]
     intx CICompilerCount                          = 3                                         {product} {ergonomic}
     uint ConcGCThreads                            = 1                                         {product} {ergonomic}
     uint G1ConcRefinementThreads                  = 4                                         {product} {ergonomic}
   size_t G1HeapRegionSize                         = 1048576                                   {product} {ergonomic}
    uintx GCDrainStackTargetSize                   = 64                                        {product} {ergonomic}
   size_t InitialHeapSize                          = 134217728                                 {product} {ergonomic}
   size_t MarkStackSize                            = 4194304                                   {product} {ergonomic}
   size_t MaxHeapSize                              = 2118123520                                {product} {ergonomic}
   size_t MaxNewSize                               = 1270874112                                {product} {ergonomic}
   size_t MinHeapDeltaBytes                        = 1048576                                   {product} {ergonomic}
   size_t MinHeapSize                              = 8388608                                   {product} {ergonomic}
    uintx NonNMethodCodeHeapSize                   = 5832780                                {pd product} {ergonomic}
    uintx NonProfiledCodeHeapSize                  = 122912730                              {pd product} {ergonomic}
    uintx ProfiledCodeHeapSize                     = 122912730                              {pd product} {ergonomic}
    uintx ReservedCodeCacheSize                    = 251658240                              {pd product} {ergonomic}
     bool SegmentedCodeCache                       = true                                      {product} {ergonomic}
   size_t SoftMaxHeapSize                          = 2118123520                             {manageable} {ergonomic}
     bool UseCompressedClassPointers               = true                           {product lp64_product} {ergonomic}
     bool UseCompressedOops                        = true                           {product lp64_product} {ergonomic}
     bool UseG1GC                                  = true                                      {product} {ergonomic}
     bool UseLargePagesIndividualAllocation        = false                                  {pd product} {ergonomic}

Logging:
Log output configuration:
 #0: stdout all=warning uptime,level,tags
 #1: stderr all=off uptime,level,tags

Environment Variables:
PATH=C:\Program Files\Common Files\Oracle\Java\javapath;C:\WINDOWS\system32;C:\WINDOWS;C:\WINDOWS\System32\Wbem;C:\WINDOWS\System32\WindowsPowerShell\v1.0\;C:\WINDOWS\System32\OpenSSH\;C:\Program Files\nodejs\;C:\Program Files\Java\jdk-25\bin;D:\Git\cmd;C:\Users\mezan\AppData\Local\Programs\Python\Python311\Scripts\;C:\Users\mezan\AppData\Local\Programs\Python\Python311\;C:\Users\mezan\AppData\Local\Programs\Python\Launcher\;C:\Users\mezan\AppData\Local\Microsoft\WindowsApps;D:\Microsoft VS Code\bin;C:\Users\mezan\AppData\Roaming\npm;C:\Users\mezan\AppData\Local\Programs\Antigravity\bin;C:\Program Files\MongoDB\Server\8.2\bin;C:\Users\mezan\AppData\Local\Microsoft\WindowsApps;D:\Microsoft VS Code\bin;C:\Users\mezan\AppData\Roaming\npm;C:\Users\mezan\AppData\Local\Programs\Antigravity\bin;C:\intelFPGA\17.0\modelsim_ase\win32aloem
USERNAME=70
OS=Windows_NT
PROCESSOR_IDENTIFIER=Intel64 Family 6 Model 58 Stepping 9, GenuineIntel
TMP=C:\Users\mezan\AppData\Local\Temp
TEMP=C:\Users\mezan\AppData\Local\Temp



Periodic native trim disabled

JNI global refs:
JNI global refs: 10, weak refs: 2

JNI global refs memory usage: 843, weak refs: 841

Process memory usage:
Resident Set Size: 464860K (5% of 8266456K total physical memory with 404120K free physical memory)

OOME stack traces (most recent first):
Classloader memory used:
Loader jdk.internal.loader.ClassLoaders$AppClassLoader                                 : 10434K
Loader bootstrap                                                                       : 486K
Loader jdk.internal.reflect.DelegatingClassLoader                                      : 29820B
Loader java.net.URLClassLoader                                                         : 13326B
Loader jdk.internal.loader.ClassLoaders$PlatformClassLoader                            : 2292B


---------------  S Y S T E M  ---------------

OS:
 Windows 10 , 64 bit Build 19041 (10.0.19041.5915)
OS uptime: 0 days 1:28 hours

CPU: total 4 (initial active 4) (2 cores per cpu, 2 threads per core) family 6 model 58 stepping 9 microcode 0x21, cx8, cmov, fxsr, ht, mmx, sse, sse2, sse3, ssse3, sse4.1, sse4.2, popcnt, tsc, tscinvbit, avx, aes, erms, clmul, vzeroupper, clflush
Processor Information for all 4 processors :
  Max Mhz: 2601, Current Mhz: 2601, Mhz Limit: 2601

Memory: 4k page, system-wide physical 8072M (394M free)
TotalPageFile size 11403M (AvailPageFile size 8M)
current process WorkingSet (physical memory assigned to process): 453M, peak: 454M
current process commit charge ("private bytes"): 488M, peak: 495M

vm_info: OpenJDK 64-Bit Server VM (17.0.14+1-b1367.22) for windows-amd64 JRE (17.0.14+1-b1367.22), built on 2025-01-30 by "builduser" with MS VC++ 16.10 / 16.11 (VS2019)

END.
